\BOOKMARK [0][-]{chapter.1}{\376\377\000I\000n\000t\000r\000o\000d\000u\000c\000t\000i\000o\000n}{}% 1
\BOOKMARK [1][-]{section.1.1}{\376\377\000L\000e\000\040\000l\000o\000g\000i\000c\000i\000e\000l}{chapter.1}% 2
\BOOKMARK [0][-]{chapter.2}{\376\377\000C\000o\000m\000m\000u\000n\000i\000c\000a\000t\000i\000o\000n\000\040\000a\000v\000e\000c\000\040\000l\000e\000\040\000m\000a\000t\000\351\000r\000i\000e\000l}{}% 3
\BOOKMARK [1][-]{section.2.1}{\376\377\000S\000o\000r\000t\000i\000e\000\040\000a\000n\000a\000l\000o\000g\000i\000q\000u\000e}{chapter.2}% 4
\BOOKMARK [2][-]{subsection.2.1.1}{\376\377\000s\000e\000t\000\137\000v\000o\000l\000t\000a\000g\000e\000\050\000V\000\051}{section.2.1}% 5
\BOOKMARK [1][-]{section.2.2}{\376\377\000E\000n\000t\000r\000\351\000e\000s\000\040\000n\000u\000m\000\351\000r\000i\000q\000u\000e\000s\000\040\000\050\000I\000N\0001\000,\000\040\000I\000N\0002\000\040\000e\000t\000\040\000S\000E\000N\000\051}{chapter.2}% 6
\BOOKMARK [2][-]{subsection.2.2.1}{\376\377\000g\000e\000t\000\137\000s\000t\000a\000t\000e\000\050\000n\000u\000m\000\137\000c\000a\000n\000a\000l\000\051}{section.2.2}% 7
\BOOKMARK [1][-]{section.2.3}{\376\377\000S\000o\000r\000t\000i\000e\000\040\000n\000u\000m\000\351\000r\000i\000q\000u\000e\000\040\000\050\000O\000D\0001\000\051}{chapter.2}% 8
\BOOKMARK [2][-]{subsection.2.3.1}{\376\377\000s\000e\000t\000\137\000s\000t\000a\000t\000e\000\050\000n\000u\000m\000\137\000c\000a\000n\000a\000l\000,\000\040\000e\000t\000a\000t\000\051}{section.2.3}% 9
\BOOKMARK [1][-]{section.2.4}{\376\377\000E\000n\000t\000r\000\351\000e\000s\000\040\000a\000n\000a\000l\000o\000g\000i\000q\000u\000e\000s\000\040\000\050\000A\0001\000,\000A\0002\000,\000I\000N\0001\000,\000I\000N\0002\000\040\000\046\000\040\000S\000E\000N\000\051}{chapter.2}% 10
\BOOKMARK [2][-]{subsection.2.4.1}{\376\377\000g\000e\000t\000\137\000v\000o\000l\000t\000a\000g\000e\000\050\000n\000u\000m\000\137\000c\000a\000n\000a\000l\000\051}{section.2.4}% 11
\BOOKMARK [2][-]{subsection.2.4.2}{\376\377\000g\000e\000t\000\137\000v\000o\000l\000t\000a\000g\000e\000\137\000t\000i\000m\000e\000\050\000n\000u\000m\000\137\000c\000a\000n\000a\000l\000\051}{section.2.4}% 12
\BOOKMARK [2][-]{subsection.2.4.3}{\376\377\000g\000e\000t\000\137\000v\000o\000l\000t\000a\000g\000e\000N\000S\000\050\000n\000u\000m\000\137\000c\000a\000n\000a\000l\000\051}{section.2.4}% 13
\BOOKMARK [2][-]{subsection.2.4.4}{\376\377\000c\000a\000p\000t\000u\000r\000e\000\050\000c\000h\000,\000\040\000N\000P\000,\000\040\000t\000g\000\051}{section.2.4}% 14
\BOOKMARK [2][-]{subsection.2.4.5}{\376\377\000c\000a\000p\000t\000u\000r\000e\0002\000,\000\040\000c\000a\000p\000t\000u\000r\000e\0003\000\040\000\046\000\040\000c\000a\000p\000t\000u\000r\000e\0004}{section.2.4}% 15
\BOOKMARK [2][-]{subsection.2.4.6}{\376\377\000c\000a\000p\000t\000u\000r\000e\000\137\000h\000r\000\050\000c\000h\000,\000\040\000N\000P\000,\000\040\000t\000g\000\051\000,\000\040\000c\000a\000p\000t\000u\000r\000e\0002\000\137\000h\000r\000\050\000c\000h\0001\000,\000\040\000c\000h\0002\000,\000\040\000N\000P\000,\000\040\000t\000g\000\051}{section.2.4}% 16
\BOOKMARK [1][-]{section.2.5}{\376\377\000M\000o\000d\000i\000f\000i\000c\000a\000t\000e\000u\000r\000s\000\040\000d\000e\000\040\000c\000a\000p\000t\000u\000r\000e}{chapter.2}% 17
\BOOKMARK [2][-]{subsection.2.5.1}{\376\377\000s\000e\000t\000\137\000t\000r\000i\000g\000g\000e\000r\000\050\000t\000r\000i\000g\000v\000a\000l\000\051}{section.2.5}% 18
\BOOKMARK [2][-]{subsection.2.5.2}{\376\377\000s\000e\000t\000\137\000t\000r\000i\000g\000s\000o\000u\000r\000c\000e\000\050\000n\000u\000m\000\137\000c\000a\000n\000a\000l\000\051}{section.2.5}% 19
\BOOKMARK [2][-]{subsection.2.5.3}{\376\377\000e\000n\000a\000b\000l\000e\000\137\000w\000a\000i\000t\000\137\000h\000i\000g\000h\000\050\000n\000u\000m\000\137\000c\000a\000n\000a\000l\000\051\000,\000\040\000.\000.\000.\000\137\000l\000o\000w\000\050\000.\000.\000.\000\051\000,\000\040\000.\000.\000.\000\137\000f\000a\000l\000l\000i\000n\000g\000\050\000.\000.\000.\000\051\000,\000\040\000.\000.\000.\000\137\000r\000i\000s\000i\000n\000g\000\050\000.\000.\000.\000\051}{section.2.5}% 20
\BOOKMARK [2][-]{subsection.2.5.4}{\376\377\000e\000n\000a\000b\000l\000e\000\137\000s\000e\000t\000\137\000h\000i\000g\000h\000\050\000n\000u\000m\000\137\000c\000a\000n\000a\000l\000\051\000,\000\040\000.\000.\000.\000\137\000l\000o\000w\000\050\000.\000.\000.\000\051\000,\000\040\000.\000.\000.\000\137\000p\000u\000l\000s\000e\000\137\000h\000i\000g\000h\000\050\000.\000.\000.\000\051\000,\000\040\000.\000.\000.\000\137\000l\000o\000w\000\050\000.\000.\000.\000\051}{section.2.5}% 21
\BOOKMARK [2][-]{subsection.2.5.5}{\376\377\000s\000e\000t\000\137\000p\000u\000l\000s\000e\000w\000i\000d\000t\000h\000\050\000d\000u\000r\000e\000e\000\051}{section.2.5}% 22
\BOOKMARK [1][-]{section.2.6}{\376\377\000G\000\351\000n\000\351\000r\000a\000t\000i\000o\000n\000\040\000d\000e\000\040\000s\000i\000g\000n\000a\000l}{chapter.2}% 23
\BOOKMARK [2][-]{subsection.2.6.1}{\376\377\000s\000e\000t\000\137\000s\000q\000r\0001\000\050\000f\000r\000e\000q\000\051\000,\000\040\000s\000e\000t\000\137\000s\000q\000r\0002\000\050\000f\000r\000e\000q\000\051}{section.2.6}% 24
\BOOKMARK [2][-]{subsection.2.6.2}{\376\377\000s\000e\000t\000\137\000s\000q\000r\000s\000\050\000f\000r\000e\000q\000,\000\040\000<\000d\000\351\000p\000h\000a\000s\000a\000g\000e\000\040\000e\000n\000\040\000p\000o\000u\000r\000c\000e\000n\000t\000a\000g\000e\000>\000\051}{section.2.6}% 25
\BOOKMARK [2][-]{subsection.2.6.3}{\376\377\000s\000e\000t\000\137\000s\000q\000r\0001\000\137\000p\000w\000m\000\050\000r\000c\000\040\000[\000,\000\040\000i\000d\000x\000]\000\051\000,\000\040\000s\000e\000t\000\137\000s\000q\000r\0002\000\137\000p\000w\000m\000\050\000r\000c\000[\000,\000\040\000i\000d\000x\000]\000\051}{section.2.6}% 26
\BOOKMARK [2][-]{subsection.2.6.4}{\376\377\000s\000e\000t\000\137\000s\000q\000r\0001\000\137\000d\000c\000\050\000v\000o\000l\000t\000a\000g\000e\000\051\000,\000\040\000s\000e\000t\000\137\000s\000q\000r\0002\000\137\000d\000c\000\050\000v\000o\000l\000t\000a\000g\000e\000\051}{section.2.6}% 27
\BOOKMARK [2][-]{subsection.2.6.5}{\376\377\000g\000e\000t\000\137\000f\000r\000e\000q\000u\000e\000n\000c\000y\000\050\000p\000i\000n\000\051}{section.2.6}% 28
\BOOKMARK [1][-]{section.2.7}{\376\377\000T\000r\000a\000n\000s\000m\000i\000s\000s\000i\000o\000n\000\040\000i\000n\000f\000r\000a\000r\000o\000u\000g\000e}{chapter.2}% 29
\BOOKMARK [2][-]{subsection.2.7.1}{\376\377\000i\000r\000s\000e\000n\000d\0001\000\050\000o\000c\000t\000e\000t\000\051}{section.2.7}% 30
\BOOKMARK [2][-]{subsection.2.7.2}{\376\377\000i\000r\000s\000e\000n\000d\0004\000\050\000b\000y\000t\000e\000,\000\040\000b\000y\000t\000e\000,\000\040\000b\000y\000t\000e\000,\000\040\000b\000y\000t\000e\000\051}{section.2.7}% 31
\BOOKMARK [1][-]{section.2.8}{\376\377\000M\000e\000s\000u\000r\000e\000s\000\040\000p\000a\000s\000s\000i\000v\000e\000s\000\040\000d\000'\000i\000n\000t\000e\000r\000v\000a\000l\000l\000e\000\040\000d\000e\000\040\000t\000e\000m\000p\000s}{chapter.2}% 32
\BOOKMARK [2][-]{subsection.2.8.1}{\376\377\000r\0002\000f\000t\000i\000m\000e\000\050\000p\000i\000n\0001\000,\000\040\000p\000i\000n\0002\000\051\000\040\000,\000\040\000f\0002\000r\000t\000i\000m\000e\000\050\000p\000i\000n\0001\000,\000\040\000p\000i\000n\0002\000\051}{section.2.8}% 33
\BOOKMARK [2][-]{subsection.2.8.2}{\376\377\000r\0002\000r\000t\000i\000m\000e\000\050\000p\000i\000n\0001\000,\000\040\000p\000i\000n\0002\000\051\000,\000\040\000f\0002\000f\000t\000i\000m\000e\000\050\000p\000i\000n\0001\000,\000\040\000p\000i\000n\0002\000\051}{section.2.8}% 34
\BOOKMARK [2][-]{subsection.2.8.3}{\376\377\000m\000u\000l\000t\000i\000\137\000r\0002\000r\000t\000i\000m\000e\000\050\000n\000u\000m\000\137\000c\000a\000n\000a\000l\000,\000\040\000a\000\137\000l\000a\000i\000s\000s\000e\000r\000\051}{section.2.8}% 35
\BOOKMARK [1][-]{section.2.9}{\376\377\000M\000e\000s\000u\000r\000e\000s\000\040\000d\000'\000i\000n\000t\000e\000r\000v\000a\000l\000l\000e\000s\000\040\000d\000e\000\040\000t\000e\000m\000p\000s\000\040\000a\000c\000t\000i\000v\000e\000s}{chapter.2}% 36
\BOOKMARK [2][-]{subsubsection.2.9.0.1}{\376\377\000s\000e\000t\0002\000r\000t\000i\000m\000e\000\040\000\050\000<\000s\000o\000r\000t\000i\000e\000\040\000n\000u\000m\000\351\000r\000i\000q\000u\000e\000>\000,\000\040\000<\000e\000n\000t\000r\000\351\000e\000\040\000n\000u\000m\000\351\000r\000i\000q\000u\000e\000>\000\051}{section.2.9}% 37
\BOOKMARK [3][-]{subsubsection.2.9.0.2}{\376\377\000h\000t\000p\000u\000l\000s\000e\0002\000r\000t\000i\000m\000e\000\050\000<\000s\000o\000r\000t\000i\000e\000\040\000n\000u\000m\000\351\000r\000i\000q\000u\000e\000>\000,\000\040\000<\000e\000n\000t\000r\000\351\000e\000\040\000n\000u\000m\000\351\000r\000i\000q\000u\000e\000>\000\051}{subsubsection.2.9.0.1}% 38
\BOOKMARK [3][-]{subsubsection.2.9.0.3}{\376\377\000s\000e\000t\000\137\000p\000u\000l\000s\000e\000\137\000w\000i\000d\000t\000h\000\050\000d\000u\000r\000e\000e\000\051}{subsubsection.2.9.0.1}% 39
\BOOKMARK [1][-]{section.2.10}{\376\377\000S\000o\000u\000r\000c\000e\000\040\000d\000e\000\040\000c\000o\000u\000r\000a\000n\000t\000\040\000d\000e\000\040\0001\000m\000A}{chapter.2}% 40
\BOOKMARK [1][-]{section.2.11}{\376\377\000M\000e\000s\000u\000r\000e\000s\000\040\000d\000e\000\040\000c\000a\000p\000a\000c\000i\000t\000\351}{chapter.2}% 41
\BOOKMARK [2][-]{subsection.2.11.1}{\376\377\000m\000e\000a\000s\000u\000r\000e\000\137\000c\000a\000p\000\050\000\051}{section.2.11}% 42
\BOOKMARK [2][-]{subsection.2.11.2}{\376\377\000m\000e\000a\000s\000u\000r\000e\000\137\000c\000v\000\050\000n\000u\000m\000\137\000c\000a\000n\000a\000l\000,\000\040\000d\000u\000r\000e\000e\000,\000\040\000c\000o\000u\000r\000a\000n\000t\000\051}{section.2.11}% 43
\BOOKMARK [2][-]{subsection.2.11.3}{\376\377\000s\000e\000t\000\137\000c\000u\000r\000r\000e\000n\000t\000\050\000n\000u\000m\000\137\000c\000a\000n\000a\000l\000,\000\040\000c\000o\000u\000r\000a\000n\000t\000\051}{section.2.11}% 44
\BOOKMARK [1][-]{section.2.12}{\376\377\000M\000e\000s\000u\000r\000e\000s\000\040\000d\000e\000\040\000r\000\351\000s\000i\000s\000t\000a\000n\000c\000e}{chapter.2}% 45
\BOOKMARK [2][-]{subsection.2.12.1}{\376\377\000m\000e\000a\000s\000u\000r\000e\000\137\000r\000e\000s\000\050\000\051}{section.2.12}% 46
\BOOKMARK [1][-]{section.2.13}{\376\377\000\311\000c\000r\000i\000t\000u\000r\000e\000\040\000s\000u\000r\000\040\000l\000e\000\040\000d\000i\000s\000q\000u\000e}{chapter.2}% 47
\BOOKMARK [2][-]{subsection.2.13.1}{\376\377\000s\000a\000v\000e\000\137\000d\000a\000t\000a}{section.2.13}% 48
\BOOKMARK [0][-]{chapter.3}{\376\377\000T\000r\000a\000i\000t\000e\000m\000e\000n\000t\000\040\000d\000e\000s\000\040\000d\000o\000n\000n\000\351\000e\000s}{}% 49
\BOOKMARK [1][-]{subsection.3.0.2}{\376\377\000f\000i\000t\000\137\000s\000i\000n\000e}{chapter.3}% 50
\BOOKMARK [2][-]{subsection.3.0.3}{\376\377\000f\000i\000t\000\137\000d\000s\000i\000n\000e}{subsection.3.0.2}% 51
\BOOKMARK [2][-]{subsection.3.0.4}{\376\377\000f\000i\000t\000\137\000e\000x\000p}{subsection.3.0.2}% 52
\BOOKMARK [3][-]{subsubsection.3.0.4.1}{\376\377\000f\000f\000t}{subsection.3.0.4}% 53
\BOOKMARK [0][-]{chapter.4}{\376\377\000E\000x\000p\000\351\000r\000i\000e\000n\000c\000e\000s}{}% 54
\BOOKMARK [1][-]{section.4.1}{\376\377\000R\000\351\000p\000o\000n\000s\000e\000\040\000t\000r\000a\000n\000s\000i\000t\000o\000i\000r\000e\000\040\000d\000'\000u\000n\000\040\000c\000i\000r\000c\000u\000i\000t\000\040\000L\000C}{chapter.4}% 55
