This is pdfTeX, Version 3.1415926-2.4-1.40.13 (TeX Live 2012/Debian) (format=pdflatex 2012.6.23)  17 AUG 2012 12:47
entering extended mode
 restricted \write18 enabled.
 %&-line parsing enabled.
**eyes.tex
(./eyes.tex
LaTeX2e <2011/06/27>
Babel <v3.8m> and hyphenation patterns for english, dumylang, nohyphenation, lo
aded.
(/usr/share/texlive/texmf-dist/tex/latex/base/book.cls
Document Class: book 2007/10/19 v1.4h Standard LaTeX document class
(/usr/share/texlive/texmf-dist/tex/latex/base/bk10.clo
File: bk10.clo 2007/10/19 v1.4h Standard LaTeX file (size option)
)
\c@part=\count79
\c@chapter=\count80
\c@section=\count81
\c@subsection=\count82
\c@subsubsection=\count83
\c@paragraph=\count84
\c@subparagraph=\count85
\c@figure=\count86
\c@table=\count87
\abovecaptionskip=\skip41
\belowcaptionskip=\skip42
\bibindent=\dimen102
)
(/usr/share/texlive/texmf-dist/tex/latex/base/inputenc.sty
Package: inputenc 2008/03/30 v1.1d Input encoding file
\inpenc@prehook=\toks14
\inpenc@posthook=\toks15

(/usr/share/texlive/texmf-dist/tex/latex/ucs/utf8x.def
File: utf8x.def 2004/10/17 UCS: Input encoding UTF-8
))
(/usr/share/texlive/texmf-dist/tex/latex/ucs/ucs.sty
Package: ucs 2004/10/17 UCS: Unicode input support

(/usr/share/texlive/texmf-dist/tex/latex/ucs/data/uni-global.def
File: uni-global.def 2012/04/20 UCS: Unicode global data
)
\uc@secondtry=\count88
\uc@combtoks=\toks16
\uc@combtoksb=\toks17
\uc@temptokena=\toks18
)
(/usr/share/texmf/tex/latex/lm/lmodern.sty
Package: lmodern 2009/10/30 v1.6 Latin Modern Fonts
LaTeX Font Info:    Overwriting symbol font `operators' in version `normal'
(Font)                  OT1/cmr/m/n --> OT1/lmr/m/n on input line 22.
LaTeX Font Info:    Overwriting symbol font `letters' in version `normal'
(Font)                  OML/cmm/m/it --> OML/lmm/m/it on input line 23.
LaTeX Font Info:    Overwriting symbol font `symbols' in version `normal'
(Font)                  OMS/cmsy/m/n --> OMS/lmsy/m/n on input line 24.
LaTeX Font Info:    Overwriting symbol font `largesymbols' in version `normal'
(Font)                  OMX/cmex/m/n --> OMX/lmex/m/n on input line 25.
LaTeX Font Info:    Overwriting symbol font `operators' in version `bold'
(Font)                  OT1/cmr/bx/n --> OT1/lmr/bx/n on input line 26.
LaTeX Font Info:    Overwriting symbol font `letters' in version `bold'
(Font)                  OML/cmm/b/it --> OML/lmm/b/it on input line 27.
LaTeX Font Info:    Overwriting symbol font `symbols' in version `bold'
(Font)                  OMS/cmsy/b/n --> OMS/lmsy/b/n on input line 28.
LaTeX Font Info:    Overwriting symbol font `largesymbols' in version `bold'
(Font)                  OMX/cmex/m/n --> OMX/lmex/m/n on input line 29.
LaTeX Font Info:    Overwriting math alphabet `\mathbf' in version `normal'
(Font)                  OT1/cmr/bx/n --> OT1/lmr/bx/n on input line 31.
LaTeX Font Info:    Overwriting math alphabet `\mathsf' in version `normal'
(Font)                  OT1/cmss/m/n --> OT1/lmss/m/n on input line 32.
LaTeX Font Info:    Overwriting math alphabet `\mathit' in version `normal'
(Font)                  OT1/cmr/m/it --> OT1/lmr/m/it on input line 33.
LaTeX Font Info:    Overwriting math alphabet `\mathtt' in version `normal'
(Font)                  OT1/cmtt/m/n --> OT1/lmtt/m/n on input line 34.
LaTeX Font Info:    Overwriting math alphabet `\mathbf' in version `bold'
(Font)                  OT1/cmr/bx/n --> OT1/lmr/bx/n on input line 35.
LaTeX Font Info:    Overwriting math alphabet `\mathsf' in version `bold'
(Font)                  OT1/cmss/bx/n --> OT1/lmss/bx/n on input line 36.
LaTeX Font Info:    Overwriting math alphabet `\mathit' in version `bold'
(Font)                  OT1/cmr/bx/it --> OT1/lmr/bx/it on input line 37.
LaTeX Font Info:    Overwriting math alphabet `\mathtt' in version `bold'
(Font)                  OT1/cmtt/m/n --> OT1/lmtt/m/n on input line 38.
)
(/usr/share/texlive/texmf-dist/tex/latex/graphics/graphicx.sty
Package: graphicx 1999/02/16 v1.0f Enhanced LaTeX Graphics (DPC,SPQR)

(/usr/share/texlive/texmf-dist/tex/latex/graphics/keyval.sty
Package: keyval 1999/03/16 v1.13 key=value parser (DPC)
\KV@toks@=\toks19
)
(/usr/share/texlive/texmf-dist/tex/latex/graphics/graphics.sty
Package: graphics 2009/02/05 v1.0o Standard LaTeX Graphics (DPC,SPQR)

(/usr/share/texlive/texmf-dist/tex/latex/graphics/trig.sty
Package: trig 1999/03/16 v1.09 sin cos tan (DPC)
)
(/usr/share/texlive/texmf-dist/tex/latex/latexconfig/graphics.cfg
File: graphics.cfg 2010/04/23 v1.9 graphics configuration of TeX Live
)
Package graphics Info: Driver file: pdftex.def on input line 91.

(/usr/share/texlive/texmf-dist/tex/latex/pdftex-def/pdftex.def
File: pdftex.def 2011/05/27 v0.06d Graphics/color for pdfTeX

(/usr/share/texlive/texmf-dist/tex/generic/oberdiek/infwarerr.sty
Package: infwarerr 2010/04/08 v1.3 Providing info/warning/error messages (HO)
)
(/usr/share/texlive/texmf-dist/tex/generic/oberdiek/ltxcmds.sty
Package: ltxcmds 2011/11/09 v1.22 LaTeX kernel commands for general use (HO)
)
\Gread@gobject=\count89
))
\Gin@req@height=\dimen103
\Gin@req@width=\dimen104
)
(/usr/share/texlive/texmf-dist/tex/generic/babel/babel.sty
Package: babel 2008/07/08 v3.8m The Babel package

(/usr/share/texlive/texmf-dist/tex/generic/babel/frenchb.ldf
Language: frenchb 2010/08/21 v2.5a French support from the babel system

(/usr/share/texlive/texmf-dist/tex/generic/babel/babel.def
File: babel.def 2008/07/08 v3.8m Babel common definitions
\babel@savecnt=\count90
\U@D=\dimen105
)

Package babel Warning: No hyphenation patterns were loaded for
(babel)                the language `French'
(babel)                I will use the patterns loaded for \language=0 instead.

\l@french = a dialect from \language0
Package babel Info: Making : an active character on input line 234.
Package babel Info: Making ; an active character on input line 235.
Package babel Info: Making ! an active character on input line 236.
Package babel Info: Making ? an active character on input line 237.
\FB@Mht=\dimen106
\std@mcc=\count91
\dec@mcc=\count92
\parindentFFN=\dimen107
*************************************
* Local config file frenchb.cfg used
*
(/usr/share/texlive/texmf-dist/tex/generic/babel/frenchb.cfg)))
(/usr/share/texlive/texmf-dist/tex/latex/carlisle/scalefnt.sty)
(/usr/share/texlive/texmf-dist/tex/latex/hyperref/hyperref.sty
Package: hyperref 2012/05/13 v6.82q Hypertext links for LaTeX

(/usr/share/texlive/texmf-dist/tex/generic/oberdiek/hobsub-hyperref.sty
Package: hobsub-hyperref 2012/05/28 v1.13 Bundle oberdiek, subset hyperref (HO)


(/usr/share/texlive/texmf-dist/tex/generic/oberdiek/hobsub-generic.sty
Package: hobsub-generic 2012/05/28 v1.13 Bundle oberdiek, subset generic (HO)
Package: hobsub 2012/05/28 v1.13 Construct package bundles (HO)
Package hobsub Info: Skipping package `infwarerr' (already loaded).
Package hobsub Info: Skipping package `ltxcmds' (already loaded).
Package: ifluatex 2010/03/01 v1.3 Provides the ifluatex switch (HO)
Package ifluatex Info: LuaTeX not detected.
Package: ifvtex 2010/03/01 v1.5 Detect VTeX and its facilities (HO)
Package ifvtex Info: VTeX not detected.
Package: intcalc 2007/09/27 v1.1 Expandable calculations with integers (HO)
Package: ifpdf 2011/01/30 v2.3 Provides the ifpdf switch (HO)
Package ifpdf Info: pdfTeX in PDF mode is detected.
Package: etexcmds 2011/02/16 v1.5 Avoid name clashes with e-TeX commands (HO)
Package etexcmds Info: Could not find \expanded.
(etexcmds)             That can mean that you are not using pdfTeX 1.50 or
(etexcmds)             that some package has redefined \expanded.
(etexcmds)             In the latter case, load this package earlier.
Package: kvsetkeys 2012/04/25 v1.16 Key value parser (HO)
Package: kvdefinekeys 2011/04/07 v1.3 Define keys (HO)
Package: pdftexcmds 2011/11/29 v0.20 Utility functions of pdfTeX for LuaTeX (HO
)
Package pdftexcmds Info: LuaTeX not detected.
Package pdftexcmds Info: \pdf@primitive is available.
Package pdftexcmds Info: \pdf@ifprimitive is available.
Package pdftexcmds Info: \pdfdraftmode found.
Package: pdfescape 2011/11/25 v1.13 Implements pdfTeX's escape features (HO)
Package: bigintcalc 2012/04/08 v1.3 Expandable calculations on big integers (HO
)
Package: bitset 2011/01/30 v1.1 Handle bit-vector datatype (HO)
Package: uniquecounter 2011/01/30 v1.2 Provide unlimited unique counter (HO)
)
Package hobsub Info: Skipping package `hobsub' (already loaded).
Package: letltxmacro 2010/09/02 v1.4 Let assignment for LaTeX macros (HO)
Package: hopatch 2012/05/28 v1.2 Wrapper for package hooks (HO)
Package: xcolor-patch 2011/01/30 xcolor patch
Package: atveryend 2011/06/30 v1.8 Hooks at the very end of document (HO)
Package atveryend Info: \enddocument detected (standard20110627).
Package: atbegshi 2011/10/05 v1.16 At begin shipout hook (HO)
Package: refcount 2011/10/16 v3.4 Data extraction from label references (HO)
Package: hycolor 2011/01/30 v1.7 Color options for hyperref/bookmark (HO)
)
(/usr/share/texlive/texmf-dist/tex/generic/ifxetex/ifxetex.sty
Package: ifxetex 2010/09/12 v0.6 Provides ifxetex conditional
)
(/usr/share/texlive/texmf-dist/tex/latex/oberdiek/kvoptions.sty
Package: kvoptions 2011/06/30 v3.11 Key value format for package options (HO)
)
\@linkdim=\dimen108
\Hy@linkcounter=\count93
\Hy@pagecounter=\count94

(/usr/share/texlive/texmf-dist/tex/latex/hyperref/pd1enc.def
File: pd1enc.def 2012/05/13 v6.82q Hyperref: PDFDocEncoding definition (HO)
)
\Hy@SavedSpaceFactor=\count95

(/usr/share/texlive/texmf-dist/tex/latex/latexconfig/hyperref.cfg
File: hyperref.cfg 2002/06/06 v1.2 hyperref configuration of TeXLive
)
Package hyperref Info: Hyper figures OFF on input line 4062.
Package hyperref Info: Link nesting OFF on input line 4067.
Package hyperref Info: Hyper index ON on input line 4070.
Package hyperref Info: Plain pages OFF on input line 4077.
Package hyperref Info: Backreferencing OFF on input line 4082.
Package hyperref Info: Implicit mode ON; LaTeX internals redefined.
Package hyperref Info: Bookmarks ON on input line 4300.
\c@Hy@tempcnt=\count96

(/usr/share/texlive/texmf-dist/tex/latex/url/url.sty
\Urlmuskip=\muskip10
Package: url 2006/04/12  ver 3.3  Verb mode for urls, etc.
)
LaTeX Info: Redefining \url on input line 4653.
\Fld@menulength=\count97
\Field@Width=\dimen109
\Fld@charsize=\dimen110
Package hyperref Info: Hyper figures OFF on input line 5773.
Package hyperref Info: Link nesting OFF on input line 5778.
Package hyperref Info: Hyper index ON on input line 5781.
Package hyperref Info: backreferencing OFF on input line 5788.
Package hyperref Info: Link coloring OFF on input line 5793.
Package hyperref Info: Link coloring with OCG OFF on input line 5798.
Package hyperref Info: PDF/A mode OFF on input line 5803.
LaTeX Info: Redefining \ref on input line 5843.
LaTeX Info: Redefining \pageref on input line 5847.
\Hy@abspage=\count98
\c@Item=\count99
\c@Hfootnote=\count100
)

Package hyperref Message: Driver (autodetected): hpdftex.

(/usr/share/texlive/texmf-dist/tex/latex/hyperref/hpdftex.def
File: hpdftex.def 2012/05/13 v6.82q Hyperref driver for pdfTeX
\Fld@listcount=\count101
\c@bookmark@seq@number=\count102

(/usr/share/texlive/texmf-dist/tex/latex/oberdiek/rerunfilecheck.sty
Package: rerunfilecheck 2011/04/15 v1.7 Rerun checks for auxiliary files (HO)
Package uniquecounter Info: New unique counter `rerunfilecheck' on input line 2
82.
)
\Hy@SectionHShift=\skip43
)
(/usr/share/texlive/texmf-dist/tex/latex/wrapfig/wrapfig.sty
\wrapoverhang=\dimen111
\WF@size=\dimen112
\c@WF@wrappedlines=\count103
\WF@box=\box26
\WF@everypar=\toks20
Package: wrapfig 2003/01/31  v 3.6
)
(/usr/share/texlive/texmf-dist/tex/latex/amsfonts/amssymb.sty
Package: amssymb 2009/06/22 v3.00

(/usr/share/texlive/texmf-dist/tex/latex/amsfonts/amsfonts.sty
Package: amsfonts 2009/06/22 v3.00 Basic AMSFonts support
\@emptytoks=\toks21
\symAMSa=\mathgroup4
\symAMSb=\mathgroup5
LaTeX Font Info:    Overwriting math alphabet `\mathfrak' in version `bold'
(Font)                  U/euf/m/n --> U/euf/b/n on input line 96.
))
(/usr/share/texlive/texmf-dist/tex/latex/base/latexsym.sty
Package: latexsym 1998/08/17 v2.2e Standard LaTeX package (lasy symbols)
\symlasy=\mathgroup6
LaTeX Font Info:    Overwriting symbol font `lasy' in version `bold'
(Font)                  U/lasy/m/n --> U/lasy/b/n on input line 47.
)
(/usr/share/texlive/texmf-dist/tex/latex/ucs/data/uni-0.def
File: uni-0.def 2012/04/20 UCS: Unicode data U+0000..U+00FF
) (./eyes.aux

LaTeX Warning: Label `' multiply defined.


LaTeX Warning: Label `' multiply defined.


LaTeX Warning: Label `' multiply defined.


LaTeX Warning: Label `' multiply defined.


LaTeX Warning: Label `' multiply defined.


LaTeX Warning: Label `' multiply defined.


LaTeX Warning: Label `' multiply defined.


LaTeX Warning: Label `' multiply defined.


LaTeX Warning: Label `' multiply defined.


LaTeX Warning: Label `' multiply defined.


LaTeX Warning: Label `' multiply defined.


LaTeX Warning: Label `' multiply defined.


LaTeX Warning: Label `' multiply defined.

)
\openout1 = `eyes.aux'.

LaTeX Font Info:    Checking defaults for OML/cmm/m/it on input line 18.
LaTeX Font Info:    ... okay on input line 18.
LaTeX Font Info:    Checking defaults for T1/cmr/m/n on input line 18.
LaTeX Font Info:    ... okay on input line 18.
LaTeX Font Info:    Checking defaults for OT1/cmr/m/n on input line 18.
LaTeX Font Info:    ... okay on input line 18.
LaTeX Font Info:    Checking defaults for OMS/cmsy/m/n on input line 18.
LaTeX Font Info:    ... okay on input line 18.
LaTeX Font Info:    Checking defaults for OMX/cmex/m/n on input line 18.
LaTeX Font Info:    ... okay on input line 18.
LaTeX Font Info:    Checking defaults for U/cmr/m/n on input line 18.
LaTeX Font Info:    ... okay on input line 18.
LaTeX Font Info:    Checking defaults for PD1/pdf/m/n on input line 18.
LaTeX Font Info:    ... okay on input line 18.
LaTeX Font Info:    Try loading font information for OT1+lmr on input line 18.
 (/usr/share/texmf/tex/latex/lm/ot1lmr.fd
File: ot1lmr.fd 2009/10/30 v1.6 Font defs for Latin Modern
)
(/usr/share/texlive/texmf-dist/tex/latex/ucs/ucsencs.def
File: ucsencs.def 2011/01/21 Fixes to fontencodings LGR, T3
)
(/usr/share/texlive/texmf-dist/tex/context/base/supp-pdf.mkii
[Loading MPS to PDF converter (version 2006.09.02).]
\scratchcounter=\count104
\scratchdimen=\dimen113
\scratchbox=\box27
\nofMPsegments=\count105
\nofMParguments=\count106
\everyMPshowfont=\toks22
\MPscratchCnt=\count107
\MPscratchDim=\dimen114
\MPnumerator=\count108
\makeMPintoPDFobject=\count109
\everyMPtoPDFconversion=\toks23
) (/usr/share/texlive/texmf-dist/tex/latex/oberdiek/epstopdf-base.sty
Package: epstopdf-base 2010/02/09 v2.5 Base part for package epstopdf

(/usr/share/texlive/texmf-dist/tex/latex/oberdiek/grfext.sty
Package: grfext 2010/08/19 v1.1 Manage graphics extensions (HO)
)
Package grfext Info: Graphics extension search list:
(grfext)             [.png,.pdf,.jpg,.mps,.jpeg,.jbig2,.jb2,.PNG,.PDF,.JPG,.JPE
G,.JBIG2,.JB2,.eps]
(grfext)             \AppendGraphicsExtensions on input line 452.

(/usr/share/texlive/texmf-dist/tex/latex/latexconfig/epstopdf-sys.cfg
File: epstopdf-sys.cfg 2010/07/13 v1.3 Configuration of (r)epstopdf for TeX Liv
e
))
LaTeX Info: Redefining \degres on input line 18.
LaTeX Info: Redefining \dots on input line 18.
LaTeX Info: Redefining \up on input line 18.


Package frenchb.ldf Warning: OT1 encoding should not be used for French. 
(frenchb.ldf)                Add \usepackage[T1]{fontenc} to the preamble
(frenchb.ldf)                of your document, on input line 18.

\AtBeginShipoutBox=\box28
Package hyperref Info: Link coloring OFF on input line 18.
(/usr/share/texlive/texmf-dist/tex/latex/hyperref/nameref.sty
Package: nameref 2010/04/30 v2.40 Cross-referencing by name of section

(/usr/share/texlive/texmf-dist/tex/generic/oberdiek/gettitlestring.sty
Package: gettitlestring 2010/12/03 v1.4 Cleanup title references (HO)
)
\c@section@level=\count110
)
LaTeX Info: Redefining \ref on input line 18.
LaTeX Info: Redefining \pageref on input line 18.
LaTeX Info: Redefining \nameref on input line 18.

(./eyes.out) (./eyes.out)
\@outlinefile=\write3
\openout3 = `eyes.out'.


Underfull \hbox (badness 10000) in paragraph at lines 21--22

 []

<eyes.jpg, id=1587, 1003.75pt x 752.8125pt>
File: eyes.jpg Graphic file (type jpg)
 <use eyes.jpg>
Package pdftex.def Info: eyes.jpg used on input line 22.
(pdftex.def)             Requested size: 345.0pt x 258.75568pt.

Underfull \hbox (badness 10000) in paragraph at lines 26--27

 []

[1


{/var/lib/texmf/fonts/map/pdftex/updmap/pdftex.map} <./eyes.jpg>] [2

]
(./eyes.toc
LaTeX Font Info:    Try loading font information for OML+lmm on input line 3.
 (/usr/share/texmf/tex/latex/lm/omllmm.fd
File: omllmm.fd 2009/10/30 v1.6 Font defs for Latin Modern
)
LaTeX Font Info:    Try loading font information for OMS+lmsy on input line 3.

(/usr/share/texmf/tex/latex/lm/omslmsy.fd
File: omslmsy.fd 2009/10/30 v1.6 Font defs for Latin Modern
)
LaTeX Font Info:    Try loading font information for OMX+lmex on input line 3.

(/usr/share/texmf/tex/latex/lm/omxlmex.fd
File: omxlmex.fd 2009/10/30 v1.6 Font defs for Latin Modern
)
LaTeX Font Info:    External font `lmex10' loaded for size
(Font)              <10> on input line 3.
LaTeX Font Info:    External font `lmex10' loaded for size
(Font)              <7> on input line 3.
LaTeX Font Info:    External font `lmex10' loaded for size
(Font)              <5> on input line 3.
LaTeX Font Info:    Try loading font information for U+msa on input line 3.

(/usr/share/texlive/texmf-dist/tex/latex/amsfonts/umsa.fd
File: umsa.fd 2009/06/22 v3.00 AMS symbols A
)
LaTeX Font Info:    Try loading font information for U+msb on input line 3.

(/usr/share/texlive/texmf-dist/tex/latex/amsfonts/umsb.fd
File: umsb.fd 2009/06/22 v3.00 AMS symbols B
)
LaTeX Font Info:    Try loading font information for U+lasy on input line 3.

(/usr/share/texlive/texmf-dist/tex/latex/base/ulasy.fd
File: ulasy.fd 1998/08/17 v2.2e LaTeX symbol font definitions
) [3] [4] [5] [6]
[7] [8]

Package frenchb.ldf Warning: Degrees would look better in TS1-encoding: 
(frenchb.ldf)                add \usepackage{textcomp} to the preamble. 
(frenchb.ldf)                Degrees used on input line 283.

[9] [10] [11])
\tf@toc=\write4
\openout4 = `eyes.toc'.

 [12] (./eyes.lof
Overfull \hbox (1.6668pt too wide) in paragraph at lines 22--22
 [][] [][]\OT1/lmr/m/n/10 R^^Seponse tran-si-toire d'un cir-cuit RLC. (a) Le mo
n-tage (b) R^^Sesultat 
 []

[13

]
Overfull \hbox (9.9448pt too wide) in paragraph at lines 41--41
 [][] [][]\OT1/lmr/m/n/10 Tension en sor-tie du g^^Sen^^Serateur de courant al-
ter-natif avec diff^^Serentes 
 []

[14]
Overfull \hbox (5.74919pt too wide) in paragraph at lines 62--62
 [][] [][]\OT1/lmr/m/n/10 Caract^^Seristiques courant-tension (I-V) pour une di
ode Z^^Sener $3\OML/lmm/m/it/10 ; \OT1/lmr/m/n/10 3 \OML/lmm/m/it/10 V$\OT1/lmr
/m/n/10 . 
 []


Overfull \hbox (6.88904pt too wide) in paragraph at lines 67--67
 [][] [][]\OT1/lmr/m/n/10 Caract^^Seristique du photo-transistor en con-fig-u-r
a-tion ^^Semetteur com- 
 []


Overfull \hbox (6.58337pt too wide) in paragraph at lines 69--69
 [][] [][]\OT1/lmr/m/n/10 Modulation d'am-pli-tude.(a) Mon-tage exp^^Serimental
 (b) Sig-nal mod- 
 []

)
\tf@lof=\write5
\openout5 = `eyes.lof'.

 [15] [16]
Chapitre 1.

Overfull \hbox (5.99994pt too wide) in paragraph at lines 112--113
\OT1/lmr/m/n/10 ex-am-iner les lois fon-da-men-tales gou-ver-nant des ph^^Senom
^^Renes vari^^Ses. Les chercheurs
 []

<top-panelcolor.png, id=2258, 124.0635pt x 154.176pt>
File: top-panelcolor.png Graphic file (type png)
 <use top-panelcolor.png>
Package pdftex.def Info: top-panelcolor.png used on input line 123.
(pdftex.def)             Requested size: 124.06319pt x 154.1756pt.


LaTeX Warning: `!h' float specifier changed to `!ht'.

[17

] [18 <./top-panelcolor.png>] [19]
Overfull \hbox (2.80449pt too wide) in paragraph at lines 305--306
[]\OT1/lmr/m/n/10 Il y a trois am-plifi-ca-teurs in-verseurs, impl^^Sement^^Ses
 ^^Ra l'aide d'ampli-ops TLO84,
 []

[20] (/usr/share/texlive/texmf-dist/tex/latex/ucs/data/uni-1.def
File: uni-1.def 2012/04/20 UCS: Unicode data U+0100..U+01FF
)
LaTeX Font Info:    Try loading font information for OT1+lmtt on input line 419
.

(/usr/share/texmf/tex/latex/lm/ot1lmtt.fd
File: ot1lmtt.fd 2009/10/30 v1.6 Font defs for Latin Modern
)
LaTeX Font Info:    Font shape `OT1/lmtt/bx/n' in size <10> not available
(Font)              Font shape `OT1/lmtt/b/n' tried instead on input line 419.
 [21]
Overfull \hbox (20.27765pt too wide) in paragraph at lines 430--431
[]\OT1/lmr/m/n/10 Installer python-imaging-tk depuis le d^^Sep^ot de la dis-tri
-bu-tion qu'on a. T^^Sel^^Secharger
 []

(/usr/share/texlive/texmf-dist/tex/latex/ucs/data/uni-32.def
File: uni-32.def 2012/04/20 UCS: Unicode data U+2000..U+20FF
)
Overfull \hbox (110.66934pt too wide) in paragraph at lines 465--466
[]\OT1/lmr/m/n/10 D^^Sezipper le fichier <code&gt;expeyes.zip</code&gt;, cli-qu
er dou-ble sur <code&gt;explore.py</code&gt;
 []

[22]
Overfull \hbox (0.49864pt too wide) in paragraph at lines 483--484
[]\OT1/lmr/m/n/10 Les bou-tons marqu^^Ses [] F [] peu-vent ^etre utilis^^Ses po
ur mesurer la fr^^Sequence,
 []


Overfull \hbox (6.99397pt too wide) in paragraph at lines 485--486
[]\OT1/lmr/m/n/10 SQR2 n^^Secessite la r^^Sesistance ex-terne de $22 \OML/lmm/m
/it/10 k\OT1/lmr/m/n/10 
$ pour fonc-tion-ner. La fr^^Sequence
 []


Overfull \hbox (65.11072pt too wide) in paragraph at lines 508--509
[]\OT1/lmr/m/n/10 Bouton SAVE pour en-reg-istrer les donn^^Sees dans le fichier
 <code&gt;explore.dat</code&gt;
 []

[23] <explorer.png, id=2320, 697.10437pt x 430.60875pt>
File: explorer.png Graphic file (type png)
 <use explorer.png>
Package pdftex.def Info: explorer.png used on input line 524.
(pdftex.def)             Requested size: 327.74895pt x 202.45183pt.

[24 <./explorer.png>]
Overfull \hbox (9.38873pt too wide) in paragraph at lines 588--589
[]\OT1/lmr/m/n/10 Cliquer sur le bou-ton [] % [] de ID0, pour mesurer le rap-po
rt cy-clique.rapport
 []


Overfull \hbox (38.86073pt too wide) in paragraph at lines 621--622
\OT1/lmr/m/n/10 pEYES est faite ^^Ra l'aide d'une bib-lioth^^Reque Python nomm^
^See <code&gt;eyes.py</code&gt;.
 []

[25] [26]
Chapitre 2.
<Schematic-cell-voltage.png, id=2338, 184.69pt x 80.3pt>
File: Schematic-cell-voltage.png Graphic file (type png)

<use Schematic-cell-voltage.png>
Package pdftex.def Info: Schematic-cell-voltage.png used on input line 677.
(pdftex.def)             Requested size: 137.9986pt x 59.99939pt.

<Pic-drycell-voltage.png, id=2339, 138.5175pt x 79.04532pt>
File: Pic-drycell-voltage.png Graphic file (type png)

<use Pic-drycell-voltage.png>
Package pdftex.def Info: Pic-drycell-voltage.png used on input line 678.
(pdftex.def)             Requested size: 137.99931pt x 78.74959pt.


LaTeX Warning: `!h' float specifier changed to `!ht'.

[27

] <Schematic-res-measure.png, id=2345, 114.4275pt x 80.3pt>
File: Schematic-res-measure.png Graphic file (type png)

<use Schematic-res-measure.png>
Package pdftex.def Info: Schematic-res-measure.png used on input line 743.
(pdftex.def)             Requested size: 138.00372pt x 96.84471pt.

<Pic-resistor-iv.png, id=2346, 505.89pt x 389.20406pt>
File: Pic-resistor-iv.png Graphic file (type png)

<use Pic-resistor-iv.png>
Package pdftex.def Info: Pic-resistor-iv.png used on input line 744.
(pdftex.def)             Requested size: 134.53108pt x 103.50084pt.


LaTeX Warning: `!h' float specifier changed to `!ht'.

[28 <./Schematic-cell-voltage.png> <./Pic-drycell-voltage.png>]
Underfull \hbox (badness 10000) in paragraph at lines 768--779

 []

[29 <./Schematic-res-measure.png> <./Pic-resistor-iv.png>]
<Schematic-res-series.png, id=2363, 238.8925pt x 41.15375pt>
File: Schematic-res-series.png Graphic file (type png)

<use Schematic-res-series.png>
Package pdftex.def Info: Schematic-res-series.png used on input line 831.
(pdftex.def)             Requested size: 137.99637pt x 23.77248pt.

Underfull \hbox (badness 10000) in paragraph at lines 846--857

 []

[30 <./Schematic-res-series.png>]
<Schematic-res-par.png, id=2369, 238.8925pt x 47.17625pt>
File: Schematic-res-par.png Graphic file (type png)

<use Schematic-res-par.png>
Package pdftex.def Info: Schematic-res-par.png used on input line 903.
(pdftex.def)             Requested size: 137.99637pt x 27.25137pt.
 [31 <./Schematic-res-par.png>] [32]
<Schematic-lemon-cell.png, id=2383, 190.7125pt x 89.33376pt>
File: Schematic-lemon-cell.png Graphic file (type png)

<use Schematic-lemon-cell.png>
Package pdftex.def Info: Schematic-lemon-cell.png used on input line 1035.
(pdftex.def)             Requested size: 138.00256pt x 64.6433pt.

<Pic-lemoncellDC.png, id=2384, 357.58594pt x 280.04625pt>
File: Pic-lemoncellDC.png Graphic file (type png)

<use Pic-lemoncellDC.png>
Package pdftex.def Info: Pic-lemoncellDC.png used on input line 1036.
(pdftex.def)             Requested size: 132.1574pt x 103.5001pt.

Overfull \hbox (0.8051pt too wide) in paragraph at lines 1089--1090
[]\OT1/lmr/m/n/10 Introduire le con-cept de ten-sions d^^Sependant du temps, ^^
Ra l'aide d'un graphique
 []

[33 <./Schematic-lemon-cell.png> <./Pic-lemoncellDC.png>]
File: Schematic-cell-voltage.png Graphic file (type png)

<use Schematic-cell-voltage.png>
Package pdftex.def Info: Schematic-cell-voltage.png used on input line 1108.
(pdftex.def)             Requested size: 137.9986pt x 59.99939pt.

<Pic-dcvoltage.png, id=2392, 357.58594pt x 279.29344pt>
File: Pic-dcvoltage.png Graphic file (type png)

<use Pic-dcvoltage.png>
Package pdftex.def Info: Pic-dcvoltage.png used on input line 1109.
(pdftex.def)             Requested size: 132.51205pt x 103.49889pt.

Overfull \hbox (0.13895pt too wide) in paragraph at lines 1146--1147
[]\OT1/lmr/m/n/10 En ap-pren-dre un peu au su-jet de la ten-sion al-ter-na-tive
, ^^Ra l'aide de graphiques.
 []

[34 <./Pic-dcvoltage.png>]
<Schematic-sine-a0.png, id=2398, 86.3225pt x 80.3pt>
File: Schematic-sine-a0.png Graphic file (type png)

<use Schematic-sine-a0.png>
Package pdftex.def Info: Schematic-sine-a0.png used on input line 1164.
(pdftex.def)             Requested size: 111.26689pt x 103.50409pt.

<Pic-sinewave90hz.png, id=2399, 359.09157pt x 314.67563pt>
File: Pic-sinewave90hz.png Graphic file (type png)

<use Pic-sinewave90hz.png>
Package pdftex.def Info: Pic-sinewave90hz.png used on input line 1165.
(pdftex.def)             Requested size: 118.10606pt x 103.49756pt.
 [35 <./Schematic-sine-a0.png> <./Pic-sinewave90hz.png>] <Schematic-pickup.png,
 id=2409, 187.70125pt x 125.46875pt>
File: Schematic-pickup.png Graphic file (type png)

<use Schematic-pickup.png>
Package pdftex.def Info: Schematic-pickup.png used on input line 1231.
(pdftex.def)             Requested size: 138.00601pt x 92.25pt.

<Pic-sinewave50hz.png, id=2410, 356.83313pt x 314.67563pt>
File: Pic-sinewave50hz.png Graphic file (type png)

<use Pic-sinewave50hz.png>
Package pdftex.def Info: Pic-sinewave50hz.png used on input line 1232.
(pdftex.def)             Requested size: 117.36327pt x 103.49756pt.
 [36 <./Schematic-pickup.png> <./Pic-sinewave50hz.png>]
LaTeX Font Info:    External font `lmex10' loaded for size
(Font)              <8> on input line 1269.
LaTeX Font Info:    External font `lmex10' loaded for size
(Font)              <6> on input line 1269.
 <Schematic-sqr-a0.png, id=2419, 74.2775pt x 95.35625pt>
File: Schematic-sqr-a0.png Graphic file (type png)

<use Schematic-sqr-a0.png>
Package pdftex.def Info: Schematic-sqr-a0.png used on input line 1308.
(pdftex.def)             Requested size: 80.62538pt x 103.50554pt.

<Pic-sqrwave2.png, id=2420, 341.02406pt x 278.54062pt>
File: Pic-sqrwave2.png Graphic file (type png)
 <use Pic-sqrwave2.png>
Package pdftex.def Info: Pic-sqrwave2.png used on input line 1309.
(pdftex.def)             Requested size: 126.7181pt x 103.50043pt.

<Schematic-ac-dc.png, id=2421, 131.49126pt x 128.48pt>
File: Schematic-ac-dc.png Graphic file (type png)

<use Schematic-ac-dc.png>
Package pdftex.def Info: Schematic-ac-dc.png used on input line 1318.
(pdftex.def)             Requested size: 105.92747pt x 103.50165pt.

<Pic-sqrwave-dcblocked.png, id=2422, 356.83313pt x 279.29344pt>
File: Pic-sqrwave-dcblocked.png Graphic file (type png)

<use Pic-sqrwave-dcblocked.png>
Package pdftex.def Info: Pic-sqrwave-dcblocked.png used on input line 1319.
(pdftex.def)             Requested size: 132.23308pt x 103.49889pt.


LaTeX Warning: `!h' float specifier changed to `!ht'.


Overfull \hbox (0.96495pt too wide) has occurred while \output is active
\OT1/lmr/m/sl/10 2.10.  COMPOSANTES CONTINUE ET ALTERNATIVE D'UNE TENSION \OT1/
lmr/m/n/10 37
 []

[37 <./Schematic-sqr-a0.png> <./Pic-sqrwave2.png>]
Overfull \hbox (8.16798pt too wide) in paragraph at lines 1327--1328
[]\OT1/lmr/m/n/10 Entrer 500 dans la bo^^^Pte texte de SQR1 et ap-puyer sur la 
touche <Entr^^See&gt;. 
 []

[38 <./Schematic-ac-dc.png> <./Pic-sqrwave-dcblocked.png>]
<Schematic-cond-main.png, id=2439, 642.4pt x 481.8pt>
File: Schematic-cond-main.png Graphic file (type png)

<use Schematic-cond-main.png>
Package pdftex.def Info: Schematic-cond-main.png used on input line 1388.
(pdftex.def)             Requested size: 137.99568pt x 103.49675pt.

<Pic-sqrwave-hand.png, id=2440, 359.84438pt x 279.29344pt>
File: Pic-sqrwave-hand.png Graphic file (type png)

<use Pic-sqrwave-hand.png>
Package pdftex.def Info: Pic-sqrwave-hand.png used on input line 1389.
(pdftex.def)             Requested size: 133.34898pt x 103.49889pt.

<Schematic-ntc.png, id=2442, 214.8025pt x 47.17625pt>
File: Schematic-ntc.png Graphic file (type png)
 <use Schematic-ntc.png>
Package pdftex.def Info: Schematic-ntc.png used on input line 1447.
(pdftex.def)             Requested size: 138.00082pt x 30.30858pt.


LaTeX Warning: `!h' float specifier changed to `!ht'.

[39 <./Schematic-cond-main.png> <./Pic-sqrwave-hand.png>]
Underfull \hbox (badness 10000) in paragraph at lines 1462--1471

 []

<Schematic-ldr.png, id=2449, 299.1175pt x 53.19875pt>
File: Schematic-ldr.png Graphic file (type png)
 <use Schematic-ldr.png>
Package pdftex.def Info: Schematic-ldr.png used on input line 1527.
(pdftex.def)             Requested size: 137.99736pt x 24.54314pt.

[40 <./Schematic-ntc.png> <./Schematic-ldr.png>]
Overfull \hbox (19.73871pt too wide) in paragraph at lines 1564--1564
[]\OT1/lmr/bx/n/14.4 L'^^Selectricit^^Se traver-sant les liq-uides, en courant
 []

<Schematic-water.png, id=2458, 218.8175pt x 104.39pt>
File: Schematic-water.png Graphic file (type png)

<use Schematic-water.png>
Package pdftex.def Info: Schematic-water.png used on input line 1591.
(pdftex.def)             Requested size: 137.99931pt x 65.83452pt.

<Pic-DCthrough-water.png, id=2459, 358.33875pt x 314.67563pt>
File: Pic-DCthrough-water.png Graphic file (type png)

<use Pic-DCthrough-water.png>
Package pdftex.def Info: Pic-DCthrough-water.png used on input line 1592.
(pdftex.def)             Requested size: 117.85846pt x 103.49756pt.


LaTeX Warning: `!h' float specifier changed to `!ht'.

<Pic-ACthrough-water.png, id=2460, 359.09157pt x 316.93407pt>
File: Pic-ACthrough-water.png Graphic file (type png)

<use Pic-ACthrough-water.png>
Package pdftex.def Info: Pic-ACthrough-water.png used on input line 1601.
(pdftex.def)             Requested size: 117.26773pt x 103.50046pt.


LaTeX Warning: `!h' float specifier changed to `!ht'.


Overfull \hbox (122.07147pt too wide) has occurred while \output is active
\OT1/lmr/m/sl/10 2.14.  L'[]ELECTRICIT[]E TRAVERSANT LES LIQUIDES, EN COURANT C
ONTINU ET ALTERNATIF \OT1/lmr/m/n/10 41
 []

[41]
Underfull \vbox (badness 1194) has occurred while \output is active []

 [42 <./Schematic-water.png> <./Pic-DCthrough-water.png> <./Pic-ACthrough-water
.png>]
Overfull \hbox (3.19543pt too wide) in paragraph at lines 1674--1675
[]\OT1/lmr/m/n/10 La ten-sion aux bornes d'un con-den-sa-teur qui se charge ^^R
a travers une r^^Sesistance
 []

<Schematic-rc-tran.png, id=2480, 166.6225pt x 104.39pt>
File: Schematic-rc-tran.png Graphic file (type png)

<use Schematic-rc-tran.png>
Package pdftex.def Info: Schematic-rc-tran.png used on input line 1701.
(pdftex.def)             Requested size: 138.00679pt x 86.46207pt.

<Pic-CR-transient-screen.png, id=2481, 424.58624pt x 291.33844pt>
File: Pic-CR-transient-screen.png Graphic file (type png)

<use Pic-CR-transient-screen.png>
Package pdftex.def Info: Pic-CR-transient-screen.png used on input line 1702.
(pdftex.def)             Requested size: 137.99536pt x 94.68831pt.

<Pic-capacitor-linear.png, id=2482, 423.83344pt x 294.34969pt>
File: Pic-capacitor-linear.png Graphic file (type png)

<use Pic-capacitor-linear.png>
Package pdftex.def Info: Pic-capacitor-linear.png used on input line 1711.
(pdftex.def)             Requested size: 137.99644pt x 95.83766pt.


LaTeX Warning: `!h' float specifier changed to `!ht'.

[43 <./Schematic-rc-tran.png> <./Pic-CR-transient-screen.png>] [44 <./Pic-capac
itor-linear.png>]
Overfull \hbox (8.53902pt too wide) in paragraph at lines 1782--1782
[][][]\OT1/lmr/m/n/8 .[][][][].
 []

<Schematic-rl-tran.png, id=2503, 172.645pt x 152.57pt>
File: Schematic-rl-tran.png Graphic file (type png)

<use Schematic-rl-tran.png>
Package pdftex.def Info: Schematic-rl-tran.png used on input line 1797.
(pdftex.def)             Requested size: 117.12306pt x 103.5041pt.

<Pic-LR-downstep.png, id=2504, 430.60875pt x 373.395pt>
File: Pic-LR-downstep.png Graphic file (type png)

<use Pic-LR-downstep.png>
Package pdftex.def Info: Pic-LR-downstep.png used on input line 1798.
(pdftex.def)             Requested size: 119.36064pt x 103.50154pt.


LaTeX Warning: `!h' float specifier changed to `!ht'.

[45]
Underfull \hbox (badness 10000) in paragraph at lines 1822--1833

 []


Overfull \hbox (11.06537pt too wide) in paragraph at lines 1862--1863
[]\OT1/lmr/m/n/10 Les r^^Seponses de cir-cuits $\OML/lmm/m/it/10 RC$ \OT1/lmr/m
/n/10 et $\OML/lmm/m/it/10 RL$ \OT1/lmr/m/n/10 ont ^^Set^^Se ^^Setudi^^Sees dan
s les sec-tions pr^^Sec^^Sedentes.
 []

[46 <./Schematic-rl-tran.png> <./Pic-LR-downstep.png>]
<Schematic-lc-tran.png, id=2521, 172.645pt x 104.39pt>
File: Schematic-lc-tran.png Graphic file (type png)

<use Schematic-lc-tran.png>
Package pdftex.def Info: Schematic-lc-tran.png used on input line 1886.
(pdftex.def)             Requested size: 138.00026pt x 83.442pt.

<Pic-LCRdischarge.png, id=2522, 456.95718pt x 351.56343pt>
File: Pic-LCRdischarge.png Graphic file (type png)

<use Pic-LCRdischarge.png>
Package pdftex.def Info: Pic-LCRdischarge.png used on input line 1887.
(pdftex.def)             Requested size: 134.5223pt x 103.49573pt.

<Pic-LCRdischarge-ferrite.png, id=2523, 456.95718pt x 351.56343pt>
File: Pic-LCRdischarge-ferrite.png Graphic file (type png)

<use Pic-LCRdischarge-ferrite.png>
Package pdftex.def Info: Pic-LCRdischarge-ferrite.png used on input line 1896.
(pdftex.def)             Requested size: 134.5223pt x 103.49573pt.

<Schematic-rlc-tran.png, id=2524, 172.645pt x 152.57pt>
File: Schematic-rlc-tran.png Graphic file (type png)

<use Schematic-rlc-tran.png>
Package pdftex.def Info: Schematic-rlc-tran.png used on input line 1905.
(pdftex.def)             Requested size: 117.12306pt x 103.5041pt.

<Pic-LCRdischarge-1k.png, id=2525, 456.95718pt x 351.56343pt>
File: Pic-LCRdischarge-1k.png Graphic file (type png)

<use Pic-LCRdischarge-1k.png>
Package pdftex.def Info: Pic-LCRdischarge-1k.png used on input line 1906.
(pdftex.def)             Requested size: 134.5223pt x 103.49573pt.


LaTeX Warning: `!h' float specifier changed to `!ht'.

[47 <./Schematic-lc-tran.png> <./Pic-LCRdischarge.png> <./Pic-LCRdischarge-ferr
ite.png>]
Underfull \hbox (badness 10000) in paragraph at lines 1929--1940

 []


Overfull \hbox (4.95892pt too wide) in paragraph at lines 1944--1945
[]\OT1/lmr/m/n/10 Le sig-nal est os-cil-lant, il faut ajuster la r^^Sesistance 
^^Ra $\OML/lmm/m/it/10 R \OT1/lmr/m/n/10 = [] = [] =
 []


Underfull \vbox (badness 6675) has occurred while \output is active []

 [48 <./Schematic-rlc-tran.png> <./Pic-LCRdischarge-1k.png>]
<Schematic-rc-steadystate.png, id=2542, 172.645pt x 152.57pt>
File: Schematic-rc-steadystate.png Graphic file (type png)

<use Schematic-rc-steadystate.png>
Package pdftex.def Info: Schematic-rc-steadystate.png used on input line 1991.
(pdftex.def)             Requested size: 117.12306pt x 103.5041pt.

<Pic-CRphaseshift-1uf560.png, id=2543, 357.58594pt x 315.42844pt>
File: Pic-CRphaseshift-1uf560.png Graphic file (type png)

<use Pic-CRphaseshift-1uf560.png>
Package pdftex.def Info: Pic-CRphaseshift-1uf560.png used on input line 1992.
(pdftex.def)             Requested size: 117.33258pt x 103.4997pt.

Overfull \hbox (18.04642pt too wide) has occurred while \output is active
\OT1/lmr/m/sl/10 2.18.  CONDENSATEUR DANS DES CIRCUITS EN COURANT ALTERNATIF \O
T1/lmr/m/n/10 49
 []

[49 <./Schematic-rc-steadystate.png> <./Pic-CRphaseshift-1uf560.png>]
Underfull \hbox (badness 10000) in paragraph at lines 2048--2055

 []

File: Schematic-rc-steadystate.png Graphic file (type png)
<use Schematic-rc-steadystate.png>
Package pdftex.def Info: Schematic-rc-steadystate.png used on input line 2109.
(pdftex.def)             Requested size: 117.12306pt x 103.5041pt.
File: Pic-CRphaseshift-1uf560.png Graphic file (type png)
 <use Pic-CRphaseshift-1uf560.png>
Package pdftex.def Info: Pic-CRphaseshift-1uf560.png used on input line 2110.
(pdftex.def)             Requested size: 117.33258pt x 103.4997pt.


LaTeX Warning: `!h' float specifier changed to `!ht'.

[50]
Underfull \vbox (badness 1661) has occurred while \output is active []


Overfull \hbox (12.69781pt too wide) has occurred while \output is active
\OT1/lmr/m/sl/10 2.19.  D[]EPHASAGE DANS DES CIRCUITS RC EN COURANT ALTERNATIF 
\OT1/lmr/m/n/10 51
 []

[51] <Schematic-rl-steadystate.png, id=2564, 172.645pt x 152.57pt>
File: Schematic-rl-steadystate.png Graphic file (type png)

<use Schematic-rl-steadystate.png>
Package pdftex.def Info: Schematic-rl-steadystate.png used on input line 2188.
(pdftex.def)             Requested size: 117.12306pt x 103.5041pt.

<Pic-LRphaseshift-125mH-125ohm.png, id=2565, 359.09157pt x 315.42844pt>
File: Pic-LRphaseshift-125mH-125ohm.png Graphic file (type png)

<use Pic-LRphaseshift-125mH-125ohm.png>
Package pdftex.def Info: Pic-LRphaseshift-125mH-125ohm.png used on input line 2
189.
(pdftex.def)             Requested size: 117.82663pt x 103.4997pt.
 [52 <./Schematic-rl-steadystate.png> <./Pic-LRphaseshift-125mH-125ohm.png>]
Underfull \hbox (badness 10000) in paragraph at lines 2210--2219

 []

<Schematic-rl-steadystate-ferrite.png, id=2576, 172.645pt x 152.57pt>
File: Schematic-rl-steadystate-ferrite.png Graphic file (type png)

<use Schematic-rl-steadystate-ferrite.png>
Package pdftex.def Info: Schematic-rl-steadystate-ferrite.png used on input lin
e 2269.
(pdftex.def)             Requested size: 117.12306pt x 103.5041pt.

<Pic-LRphaseshift-ferrite.png, id=2577, 358.33875pt x 313.17pt>
File: Pic-LRphaseshift-ferrite.png Graphic file (type png)

<use Pic-LRphaseshift-ferrite.png>
Package pdftex.def Info: Pic-LRphaseshift-ferrite.png used on input line 2270.
(pdftex.def)             Requested size: 118.42712pt x 103.49933pt.


LaTeX Warning: `!h' float specifier changed to `!ht'.

[53] <Schematic-RCinteg.png, id=2584, 159.59625pt x 61.22874pt>
File: Schematic-RCinteg.png Graphic file (type png)

<use Schematic-RCinteg.png>
Package pdftex.def Info: Schematic-RCinteg.png used on input line 2315.
(pdftex.def)             Requested size: 137.9977pt x 52.94249pt.

<Schematic-RCdiff.png, id=2585, 159.59625pt x 68.255pt>
File: Schematic-RCdiff.png Graphic file (type png)

<use Schematic-RCdiff.png>
Package pdftex.def Info: Schematic-RCdiff.png used on input line 2324.
(pdftex.def)             Requested size: 137.9977pt x 59.01787pt.
 <Pic-triwave-diff.png, id=2586, 80.3pt x 140.525pt>
File: Pic-triwave-diff.png Graphic file (type png)

<use Pic-triwave-diff.png>
Package pdftex.def Info: Pic-triwave-diff.png used on input line 2333.
(pdftex.def)             Requested size: 59.14291pt x 103.5001pt.


LaTeX Warning: `!h' float specifier changed to `!ht'.

[54 <./Schematic-rl-steadystate-ferrite.png> <./Pic-LRphaseshift-ferrite.png> <
./Schematic-RCinteg.png> <./Schematic-RCdiff.png>]
Overfull \hbox (14.97116pt too wide) in paragraph at lines 2355--2356
\OT1/lmr/m/n/10 et diff^^Serenti^^See. On com-prend facile-ment com-ment le sig
-nal tri-an-gu-laire est diff^^Serenti^^Se
 []

<Schematic-rc-integ.png, id=2599, 275.0275pt x 47.17625pt>
File: Schematic-rc-integ.png Graphic file (type png)

<use Schematic-rc-integ.png>
Package pdftex.def Info: Schematic-rc-integ.png used on input line 2371.
(pdftex.def)             Requested size: 138.00021pt x 23.67155pt.

<Schematic-rc-diff.png, id=2600, 275.0275pt x 47.17625pt>
File: Schematic-rc-diff.png Graphic file (type png)

<use Schematic-rc-diff.png>
Package pdftex.def Info: Schematic-rc-diff.png used on input line 2380.
(pdftex.def)             Requested size: 138.00021pt x 23.67155pt.
 [55 <./Pic-triwave-diff.png> <./Schematic-rc-integ.png> <./Schematic-rc-diff.p
ng>]
<Pic-squarewave-interg20hz.png, id=2609, 358.33875pt x 280.04625pt>
File: Pic-squarewave-interg20hz.png Graphic file (type png)

<use Pic-squarewave-interg20hz.png>
Package pdftex.def Info: Pic-squarewave-interg20hz.png used on input line 2402.

(pdftex.def)             Requested size: 132.43562pt x 103.5001pt.

<Pic-squarewave-interg1khz.png, id=2610, 357.58594pt x 280.79906pt>
File: Pic-squarewave-interg1khz.png Graphic file (type png)

<use Pic-squarewave-interg1khz.png>
Package pdftex.def Info: Pic-squarewave-interg1khz.png used on input line 2411.

(pdftex.def)             Requested size: 131.80273pt x 103.49983pt.

<Pic-squarewave-diff20hz.png, id=2613, 356.83313pt x 279.29344pt>
File: Pic-squarewave-diff20hz.png Graphic file (type png)

<use Pic-squarewave-diff20hz.png>
Package pdftex.def Info: Pic-squarewave-diff20hz.png used on input line 2421.
(pdftex.def)             Requested size: 132.23308pt x 103.49889pt.


LaTeX Warning: `!h' float specifier changed to `!ht'.

[56 <./Pic-squarewave-interg20hz.png> <./Pic-squarewave-interg1khz.png>]
<Schematic-sinewave.png, id=2621, 359.09157pt x 280.04625pt>
File: Schematic-sinewave.png Graphic file (type png)

<use Schematic-sinewave.png>
Package pdftex.def Info: Schematic-sinewave.png used on input line 2473.
(pdftex.def)             Requested size: 132.71385pt x 103.5001pt.

<Pic-sine90hz-fft.png, id=2622, 435.0654pt x 373.6359pt>
File: Pic-sine90hz-fft.png Graphic file (type png)

<use Pic-sine90hz-fft.png>
Package pdftex.def Info: Pic-sine90hz-fft.png used on input line 2474.
(pdftex.def)             Requested size: 120.51631pt x 103.4999pt.


LaTeX Warning: `!h' float specifier changed to `!ht'.

[57 <./Pic-squarewave-diff20hz.png>]
<Schematic-sqr1000Hz.png, id=2631, 356.0803pt x 278.54062pt>
File: Schematic-sqr1000Hz.png Graphic file (type png)

<use Schematic-sqr1000Hz.png>
Package pdftex.def Info: Schematic-sqr1000Hz.png used on input line 2528.
(pdftex.def)             Requested size: 132.31271pt x 103.50043pt.

<Pic-sqr1000Hz-fft.png, id=2632, 591.8913pt x 401.8212pt>
File: Pic-sqr1000Hz-fft.png Graphic file (type png)

<use Pic-sqr1000Hz-fft.png>
Package pdftex.def Info: Pic-sqr1000Hz-fft.png used on input line 2529.
(pdftex.def)             Requested size: 137.99261pt x 93.67996pt.
 [58 <./Schematic-sinewave.png> <./Pic-sine90hz-fft.png> <./Schematic-sqr1000Hz
.png> <./Pic-sqr1000Hz-fft.png>] [59] [60

]
Chapitre 3.

Overfull \hbox (13.66557pt too wide) in paragraph at lines 2572--2573
[]\OT1/lmr/m/n/10 Examiner la ten-sion in-duite aux bornes d'un bobi-nage par u
n champ magn^^Setique
 []

<Schematic-EMinduction-photo.png, id=2650, 803.0pt x 551.05875pt>
File: Schematic-EMinduction-photo.png Graphic file (type png)

<use Schematic-EMinduction-photo.png>
Package pdftex.def Info: Schematic-EMinduction-photo.png used on input line 259
1.
(pdftex.def)             Requested size: 137.99078pt x 94.69617pt.

<Pic-em-induction.png, id=2651, 430.60875pt x 351.56343pt>
File: Pic-em-induction.png Graphic file (type png)

<use Pic-em-induction.png>
Package pdftex.def Info: Pic-em-induction.png used on input line 2592.
(pdftex.def)             Requested size: 126.76564pt x 103.49573pt.


LaTeX Warning: `!h' float specifier changed to `!ht'.

[61] <Schematic-ac-gen.png, id=2658, 160.6pt x 137.51375pt>
File: Schematic-ac-gen.png Graphic file (type png)

<use Schematic-ac-gen.png>
Package pdftex.def Info: Schematic-ac-gen.png used on input line 2656.
(pdftex.def)             Requested size: 120.88098pt x 103.50435pt.

<Pic-ACgen-output-30pct.png, id=2659, 357.58594pt x 314.67563pt>
File: Pic-ACgen-output-30pct.png Graphic file (type png)

<use Pic-ACgen-output-30pct.png>
Package pdftex.def Info: Pic-ACgen-output-30pct.png used on input line 2657.
(pdftex.def)             Requested size: 117.61086pt x 103.49756pt.


LaTeX Warning: `!h' float specifier changed to `!ht'.

[62 <./Schematic-EMinduction-photo.png> <./Pic-em-induction.png>]
Underfull \vbox (badness 10000) has occurred while \output is active []

 [63 <./Schematic-ac-gen.png> <./Pic-ACgen-output-30pct.png>]
<Schematic-transformer.png, id=2673, 207.77625pt x 137.51375pt>
File: Schematic-transformer.png Graphic file (type png)

<use Schematic-transformer.png>
Package pdftex.def Info: Schematic-transformer.png used on input line 2723.
(pdftex.def)             Requested size: 138.0046pt x 91.33638pt.

<Pic-mutual-induction.png, id=2674, 359.09157pt x 315.42844pt>
File: Pic-mutual-induction.png Graphic file (type png)

<use Pic-mutual-induction.png>
Package pdftex.def Info: Pic-mutual-induction.png used on input line 2724.
(pdftex.def)             Requested size: 117.82663pt x 103.4997pt.

<Pic-mutual-induction-Ecore-1kload.png, id=2675, 357.58594pt x 315.42844pt>
File: Pic-mutual-induction-Ecore-1kload.png Graphic file (type png)

<use Pic-mutual-induction-Ecore-1kload.png>
Package pdftex.def Info: Pic-mutual-induction-Ecore-1kload.png used on input li
ne 2733.
(pdftex.def)             Requested size: 117.33258pt x 103.4997pt.
 [64 <./Schematic-transformer.png> <./Pic-mutual-induction.png> <./Pic-mutual-i
nduction-Ecore-1kload.png>]
<Schematic-coil-magnetpendulum-photo.png, id=2686, 803.0pt x 651.43375pt>
File: Schematic-coil-magnetpendulum-photo.png Graphic file (type png)

<use Schematic-coil-magnetpendulum-photo.png>
Package pdftex.def Info: Schematic-coil-magnetpendulum-photo.png used on input 
line 2803.
(pdftex.def)             Requested size: 127.57591pt x 103.49596pt.

<Pic-solenoid-field.png, id=2687, 934.49126pt x 442.65375pt>
File: Pic-solenoid-field.png Graphic file (type png)

<use Pic-solenoid-field.png>
Package pdftex.def Info: Pic-solenoid-field.png used on input line 2804.
(pdftex.def)             Requested size: 137.98598pt x 65.36177pt.
 [65 <./Schematic-coil-magnetpendulum-photo.png> <./Pic-solenoid-field.png>]
Overfull \hbox (11.16689pt too wide) in paragraph at lines 2831--2832
[]\OT1/lmr/m/n/10 Trouver le sens d'en-roule-ment du sol^^Seno^^?^^Pde d'apr^^R
es les ob-ser-va-tions pr^^Sec^^Sedentes. 
 []

[66] [67] [68

]
Chapitre 4.
<Pic-sound-speaker-photo.png, id=2708, 803.0pt x 601.24625pt>
File: Pic-sound-speaker-photo.png Graphic file (type png)

<use Pic-sound-speaker-photo.png>
Package pdftex.def Info: Pic-sound-speaker-photo.png used on input line 2933.
(pdftex.def)             Requested size: 137.99078pt x 103.32059pt.


LaTeX Warning: `!h' float specifier changed to `!ht'.

[69] <Schematic-sound-freq.png, id=2713, 218.8175pt x 158.5925pt>
File: Schematic-sound-freq.png Graphic file (type png)

<use Schematic-sound-freq.png>
Package pdftex.def Info: Schematic-sound-freq.png used on input line 2998.
(pdftex.def)             Requested size: 137.99931pt x 100.01784pt.

<Pic-sound3012hz.png, id=2714, 357.58594pt x 280.04625pt>
File: Pic-sound3012hz.png Graphic file (type png)

<use Pic-sound3012hz.png>
Package pdftex.def Info: Pic-sound3012hz.png used on input line 2999.
(pdftex.def)             Requested size: 132.1574pt x 103.5001pt.


LaTeX Warning: `!h' float specifier changed to `!ht'.

<Pic-sound2000hz.png, id=2715, 357.58594pt x 280.04625pt>
File: Pic-sound2000hz.png Graphic file (type png)

<use Pic-sound2000hz.png>
Package pdftex.def Info: Pic-sound2000hz.png used on input line 3008.
(pdftex.def)             Requested size: 132.1574pt x 103.5001pt.


LaTeX Warning: `!h' float specifier changed to `!ht'.

[70 <./Pic-sound-speaker-photo.png>]
Underfull \hbox (badness 10000) in paragraph at lines 3027--3036

 []

[71 <./Schematic-sound-freq.png> <./Pic-sound3012hz.png> <./Pic-sound2000hz.png
>] <Schematic-sound-vel.png, id=2727, 236.885pt x 158.5925pt>
File: Schematic-sound-vel.png Graphic file (type png)

<use Schematic-sound-vel.png>
Package pdftex.def Info: Schematic-sound-vel.png used on input line 3088.
(pdftex.def)             Requested size: 138.00064pt x 92.39024pt.

<Pic-sound-waves.png, id=2728, 550.055pt x 291.0875pt>
File: Pic-sound-waves.png Graphic file (type png)

<use Pic-sound-waves.png>
Package pdftex.def Info: Pic-sound-waves.png used on input line 3089.
(pdftex.def)             Requested size: 137.99182pt x 73.02486pt.
 [72 <./Schematic-sound-vel.png> <./Pic-sound-waves.png>] <Schematic-sound-inph
ase.png, id=2735, 656.4525pt x 389.20406pt>
File: Schematic-sound-inphase.png Graphic file (type png)

<use Schematic-sound-inphase.png>
Package pdftex.def Info: Schematic-sound-inphase.png used on input line 3112.
(pdftex.def)             Requested size: 137.99933pt x 81.8184pt.

<Pic-sound-outofphase.png, id=2736, 656.4525pt x 389.20406pt>
File: Pic-sound-outofphase.png Graphic file (type png)

<use Pic-sound-outofphase.png>
Package pdftex.def Info: Pic-sound-outofphase.png used on input line 3113.
(pdftex.def)             Requested size: 137.99933pt x 81.8184pt.
 [73 <./Schematic-sound-inphase.png> <./Pic-sound-outofphase.png>]
<Schematic-sound-beats.png, id=2748, 266.9975pt x 158.5925pt>
File: Schematic-sound-beats.png Graphic file (type png)

<use Schematic-sound-beats.png>
Package pdftex.def Info: Schematic-sound-beats.png used on input line 3227.
(pdftex.def)             Requested size: 138.0043pt x 81.97247pt.

<Pic-sound-beats.png, id=2749, 656.4525pt x 389.20406pt>
File: Pic-sound-beats.png Graphic file (type png)

<use Pic-sound-beats.png>
Package pdftex.def Info: Pic-sound-beats.png used on input line 3228.
(pdftex.def)             Requested size: 137.99933pt x 81.8184pt.
 [74]
Overfull \hbox (7.63951pt too wide) in paragraph at lines 3254--3255
[]\OT1/lmr/m/n/10 La puis-sance rel-a-tive des com-posants fr^^Sequentiels in-d
i-vidu-els peut ^etre mesur^^See
 []

<Pic-sariga.png, id=2757, 190.7928pt x 147.4308pt>
File: Pic-sariga.png Graphic file (type png)
 <use Pic-sariga.png>
Package pdftex.def Info: Pic-sariga.png used on input line 3289.
(pdftex.def)             Requested size: 133.94122pt x 103.50005pt.


LaTeX Warning: `!h' float specifier changed to `!ht'.

[75 <./Schematic-sound-beats.png> <./Pic-sound-beats.png>]
Underfull \hbox (badness 10000) in paragraph at lines 3308--3315

 []

<Schematic-ultra-sound.png, id=2765, 178.6675pt x 104.39pt>
File: Schematic-ultra-sound.png Graphic file (type png)

<use Schematic-ultra-sound.png>
Package pdftex.def Info: Schematic-ultra-sound.png used on input line 3352.
(pdftex.def)             Requested size: 138.00513pt x 80.6322pt.

<Pic-40kHz-piezo-photo.png, id=2766, 651.43375pt x 496.85625pt>
File: Pic-40kHz-piezo-photo.png Graphic file (type png)

<use Pic-40kHz-piezo-photo.png>
Package pdftex.def Info: Pic-40kHz-piezo-photo.png used on input line 3353.
(pdftex.def)             Requested size: 135.70177pt x 103.50134pt.


LaTeX Warning: `!h' float specifier changed to `!ht'.

[76 <./Pic-sariga.png>]
Underfull \hbox (badness 10000) in paragraph at lines 3372--3383

 []


Overfull \hbox (21.0786pt too wide) in paragraph at lines 3405--3405
[]\OT1/lmr/bx/n/14.4 Oscillations forc^^Sees d'un cristal pi^^Sezo-^^Selectriqu
e 
 []

[77 <./Schematic-ultra-sound.png> <./Pic-40kHz-piezo-photo.png>]
<Schematic-piezo-3600hz.png, id=2779, 689.57625pt x 423.83344pt>
File: Schematic-piezo-3600hz.png Graphic file (type png)

<use Schematic-piezo-3600hz.png>
Package pdftex.def Info: Schematic-piezo-3600hz.png used on input line 3447.
(pdftex.def)             Requested size: 137.99698pt x 84.81691pt.

<Pic-piezo-100hz.png, id=2780, 689.57625pt x 423.83344pt>
File: Pic-piezo-100hz.png Graphic file (type png)

<use Pic-piezo-100hz.png>
Package pdftex.def Info: Pic-piezo-100hz.png used on input line 3448.
(pdftex.def)             Requested size: 137.99698pt x 84.81691pt.

<Schematic-piezo-fft-100hz.png, id=2781, 515.9275pt x 457.71pt>
File: Schematic-piezo-fft-100hz.png Graphic file (type png)

<use Schematic-piezo-fft-100hz.png>
Package pdftex.def Info: Schematic-piezo-fft-100hz.png used on input line 3457.

(pdftex.def)             Requested size: 116.66122pt x 103.49713pt.

<Pic-piezo-fft-500hz.png, id=2782, 458.71375pt x 470.75874pt>
File: Pic-piezo-fft-500hz.png Graphic file (type png)

<use Pic-piezo-fft-500hz.png>
Package pdftex.def Info: Pic-piezo-fft-500hz.png used on input line 3458.
(pdftex.def)             Requested size: 100.85434pt x 103.5026pt.


LaTeX Warning: `!h' float specifier changed to `!ht'.

[78 <./Schematic-piezo-3600hz.png> <./Pic-piezo-100hz.png>] [79 <./Schematic-pi
ezo-fft-100hz.png> <./Pic-piezo-fft-500hz.png>] [80

]
Chapitre 5.
<Schematic-half-wave.png, id=2800, 172.645pt x 164.615pt>
File: Schematic-half-wave.png Graphic file (type png)

<use Schematic-half-wave.png>
Package pdftex.def Info: Schematic-half-wave.png used on input line 3512.
(pdftex.def)             Requested size: 108.55089pt x 103.50201pt.

<Pic-diode-halfwave.png, id=2801, 359.09157pt x 281.55188pt>
File: Pic-diode-halfwave.png Graphic file (type png)

<use Pic-diode-halfwave.png>
Package pdftex.def Info: Pic-diode-halfwave.png used on input line 3513.
(pdftex.def)             Requested size: 132.00702pt x 103.50235pt.


LaTeX Warning: `!h' float specifier changed to `!ht'.

<Schematic-diode-halfwave-1uF.png, id=2802, 356.0803pt x 280.04625pt>
File: Schematic-diode-halfwave-1uF.png Graphic file (type png)

<use Schematic-diode-halfwave-1uF.png>
Package pdftex.def Info: Schematic-diode-halfwave-1uF.png used on input line 35
33.
(pdftex.def)             Requested size: 131.60095pt x 103.5001pt.

<Pic-diode-halfwave-100uF.png, id=2803, 357.58594pt x 280.04625pt>
File: Pic-diode-halfwave-100uF.png Graphic file (type png)

<use Pic-diode-halfwave-100uF.png>
Package pdftex.def Info: Pic-diode-halfwave-100uF.png used on input line 3534.
(pdftex.def)             Requested size: 132.1574pt x 103.5001pt.


LaTeX Warning: `!h' float specifier changed to `!ht'.

[81]
Overfull \hbox (1.33322pt too wide) in paragraph at lines 3549--3550
[]\OT1/lmr/m/n/10 Peut-on utiliser une tr^^Res grande ca-pacit^^Se pour r^^Sedu
ire l'on-du-la-tion r^^Sesiduelle? 
 []


Package hyperref Warning: Token not allowed in a PDF string (PDFDocEncoding):
(hyperref)                removing `\hbox' on input line 3575.


Package hyperref Warning: Token not allowed in a PDF string (PDFDocEncoding):
(hyperref)                removing `\hss' on input line 3575.


Package hyperref Warning: Token not allowed in a PDF string (PDFDocEncoding):
(hyperref)                removing `\hss' on input line 3575.


Package hyperref Warning: Token not allowed in a PDF string (PDFDocEncoding):
(hyperref)                removing `\global' on input line 3575.


Package hyperref Warning: Token not allowed in a PDF string (PDFDocEncoding):
(hyperref)                removing `\<let>-command' on input line 3575.

[82 <./Schematic-half-wave.png> <./Pic-diode-halfwave.png> <./Schematic-diode-h
alfwave-1uF.png> <./Pic-diode-halfwave-100uF.png>]
<Schematic-sine-180deg.png, id=2818, 194.7275pt x 80.3pt>
File: Schematic-sine-180deg.png Graphic file (type png)

<use Schematic-sine-180deg.png>
Package pdftex.def Info: Schematic-sine-180deg.png used on input line 3600.
(pdftex.def)             Requested size: 138.00194pt x 56.908pt.

<Pic-sine-two-180deg.png, id=2819, 357.58594pt x 278.54062pt>
File: Pic-sine-two-180deg.png Graphic file (type png)

<use Pic-sine-two-180deg.png>
Package pdftex.def Info: Pic-sine-two-180deg.png used on input line 3601.
(pdftex.def)             Requested size: 132.87218pt x 103.50043pt.

Overfull \hbox (41.94891pt too wide) has occurred while \output is active
\OT1/lmr/m/sl/10 5.2.  SIGNAUX SINUSO[]IDAUX EN OPPOSITION DE PHASE (D[]EPHAS[]
ES DE 180[]) \OT1/lmr/m/n/10 83
 []

[83 <./Schematic-sine-180deg.png> <./Pic-sine-two-180deg.png>]
<Schematic-full-wave.png, id=2827, 238.8925pt x 119.44624pt>
File: Schematic-full-wave.png Graphic file (type png)

<use Schematic-full-wave.png>
Package pdftex.def Info: Schematic-full-wave.png used on input line 3657.
(pdftex.def)             Requested size: 137.99637pt x 68.99817pt.

<Pic-diode-fullwave.png, id=2828, 357.58594pt x 280.04625pt>
File: Pic-diode-fullwave.png Graphic file (type png)

<use Pic-diode-fullwave.png>
Package pdftex.def Info: Pic-diode-fullwave.png used on input line 3658.
(pdftex.def)             Requested size: 132.1574pt x 103.5001pt.

Overfull \hbox (12.63823pt too wide) in paragraph at lines 3699--3700
[]\OT1/lmr/m/n/10 Tracer la car-act^^Seristique courant-tension (I-V) d'une dio
de. Ex-am-iner l'^^Sequation
 []

[84 <./Schematic-full-wave.png> <./Pic-diode-fullwave.png>]
<Schematic-diode-iv.png, id=2836, 146.5475pt x 92.345pt>
File: Schematic-diode-iv.png Graphic file (type png)

<use Schematic-diode-iv.png>
Package pdftex.def Info: Schematic-diode-iv.png used on input line 3759.
(pdftex.def)             Requested size: 137.99614pt x 86.95647pt.

<Pic-diode-4148.png, id=2837, 505.89pt x 389.20406pt>
File: Pic-diode-4148.png Graphic file (type png)
 <use Pic-diode-4148.png>
Package pdftex.def Info: Pic-diode-4148.png used on input line 3760.
(pdftex.def)             Requested size: 134.53108pt x 103.50084pt.

<Pic-diode-zener-iv.png, id=2838, 505.89pt x 389.20406pt>
File: Pic-diode-zener-iv.png Graphic file (type png)

<use Pic-diode-zener-iv.png>
Package pdftex.def Info: Pic-diode-zener-iv.png used on input line 3769.
(pdftex.def)             Requested size: 134.53108pt x 103.50084pt.


LaTeX Warning: `!h' float specifier changed to `!ht'.

[85 <./Schematic-diode-iv.png> <./Pic-diode-4148.png>] [86 <./Pic-diode-zener-i
v.png>]
File: Schematic-diode-iv.png Graphic file (type png)
 <use Schematic-diode-iv.png>
Package pdftex.def Info: Schematic-diode-iv.png used on input line 3834.
(pdftex.def)             Requested size: 137.99614pt x 86.95647pt.

<Pic-diode-LED-iv.png, id=2853, 505.89pt x 389.20406pt>
File: Pic-diode-LED-iv.png Graphic file (type png)

<use Pic-diode-LED-iv.png>
Package pdftex.def Info: Pic-diode-LED-iv.png used on input line 3835.
(pdftex.def)             Requested size: 134.53108pt x 103.50084pt.

Underfull \vbox (badness 1005) has occurred while \output is active []

 [87 <./Pic-diode-LED-iv.png>] <Schematic-tran-ce.png, id=2860, 166.6225pt x 11
9.44624pt>
File: Schematic-tran-ce.png Graphic file (type png)

<use Schematic-tran-ce.png>
Package pdftex.def Info: Schematic-tran-ce.png used on input line 3893.
(pdftex.def)             Requested size: 138.00679pt x 98.93256pt.
 <Pic-tran-ce.png, id=2861, 505.89pt x 389.20406pt>
File: Pic-tran-ce.png Graphic file (type png)

<use Pic-tran-ce.png>
Package pdftex.def Info: Pic-tran-ce.png used on input line 3894.
(pdftex.def)             Requested size: 134.53108pt x 103.50084pt.
 [88 <./Schematic-tran-ce.png> <./Pic-tran-ce.png>]
<Schematic-tran-amp.png, id=2869, 305.14pt x 122.4575pt>
File: Schematic-tran-amp.png Graphic file (type png)

<use Schematic-tran-amp.png>
Package pdftex.def Info: Schematic-tran-amp.png used on input line 3956.
(pdftex.def)             Requested size: 138.00081pt x 55.3819pt.

<Pic-tran-amp2V.png, id=2870, 356.83313pt x 280.04625pt>
File: Pic-tran-amp2V.png Graphic file (type png)

<use Pic-tran-amp2V.png>
Package pdftex.def Info: Pic-tran-amp2V.png used on input line 3957.
(pdftex.def)             Requested size: 131.87917pt x 103.5001pt.

<Pic-tran-amp4V.png, id=2871, 356.83313pt x 279.29344pt>
File: Pic-tran-amp4V.png Graphic file (type png)

<use Pic-tran-amp4V.png>
Package pdftex.def Info: Pic-tran-amp4V.png used on input line 3966.
(pdftex.def)             Requested size: 132.23308pt x 103.49889pt.


LaTeX Warning: `!h' float specifier changed to `!ht'.

[89 <./Schematic-tran-amp.png> <./Pic-tran-amp2V.png>]
<Schematic-phtran-ce.png, id=2880, 205.76875pt x 125.46875pt>
File: Schematic-phtran-ce.png Graphic file (type png)

<use Schematic-phtran-ce.png>
Package pdftex.def Info: Schematic-phtran-ce.png used on input line 4028.
(pdftex.def)             Requested size: 137.99934pt x 84.14594pt.

<Pic-photo-tran-ce.png, id=2881, 505.89pt x 389.20406pt>
File: Pic-photo-tran-ce.png Graphic file (type png)

<use Pic-photo-tran-ce.png>
Package pdftex.def Info: Pic-photo-tran-ce.png used on input line 4029.
(pdftex.def)             Requested size: 134.53108pt x 103.50084pt.


LaTeX Warning: `!h' float specifier changed to `!ht'.


Overfull \hbox (5.7636pt too wide) in paragraph at lines 4036--4037
[]\OT1/lmr/m/n/10 Connecter l'^^Semetteur du tran-sis-tor ^^Ra la masse [Ground
] et col-lecteur branch^^Se
 []

[90 <./Pic-tran-amp4V.png>]
Overfull \hbox (10.83377pt too wide) in paragraph at lines 4047--4048
[]\OT1/lmr/m/n/10 Les courbes car-act^^Seristiques pour diff^^Serentes in-ten-s
it^^Ses de lumi^^Rere sont montr^^Sees
 []

<Schematic-opto-tran.png, id=2887, 205.76875pt x 125.46875pt>
File: Schematic-opto-tran.png Graphic file (type png)

<use Schematic-opto-tran.png>
Package pdftex.def Info: Schematic-opto-tran.png used on input line 4087.
(pdftex.def)             Requested size: 137.99934pt x 84.14594pt.

<Pic-phototran-sqr-received.png, id=2888, 357.58594pt x 280.79906pt>
File: Pic-phototran-sqr-received.png Graphic file (type png)

<use Pic-phototran-sqr-received.png>
Package pdftex.def Info: Pic-phototran-sqr-received.png used on input line 4088
.
(pdftex.def)             Requested size: 131.80273pt x 103.49983pt.


LaTeX Warning: `!h' float specifier changed to `!ht'.

[91 <./Schematic-phtran-ce.png> <./Pic-photo-tran-ce.png>]
Underfull \vbox (badness 10000) has occurred while \output is active []

 [92 <./Schematic-opto-tran.png> <./Pic-phototran-sqr-received.png>]
Overfull \hbox (15.24963pt too wide) in paragraph at lines 4144--4145
[]\OT1/lmr/m/n/10 On peut cap-turer ces sig-naux, s^^Separ^^Sement ou en-sem-bl
e. Le nom-bre d'^^Sechantillons
 []

<Schematic-AM-photo.png, id=2903, 1003.75pt x 677.53125pt>
File: Schematic-AM-photo.png Graphic file (type png)

<use Schematic-AM-photo.png>
Package pdftex.def Info: Schematic-AM-photo.png used on input line 4156.
(pdftex.def)             Requested size: 137.9969pt x 93.1479pt.

<Pic-AMcarr-and-sig400x20.png, id=2904, 496.85625pt x 403.5075pt>
File: Pic-AMcarr-and-sig400x20.png Graphic file (type png)

<use Pic-AMcarr-and-sig400x20.png>
Package pdftex.def Info: Pic-AMcarr-and-sig400x20.png used on input line 4157.
(pdftex.def)             Requested size: 127.44342pt x 103.49951pt.
 [93 <./Schematic-AM-photo.png> <./Pic-AMcarr-and-sig400x20.png>]
<Schematic-AMfft-1800x40.png, id=2912, 192.72pt x 172.9662pt>
File: Schematic-AMfft-1800x40.png Graphic file (type png)

<use Schematic-AMfft-1800x40.png>
Package pdftex.def Info: Schematic-AMfft-1800x40.png used on input line 4183.
(pdftex.def)             Requested size: 115.32411pt x 103.50339pt.

<Pic-FMcarr-and-sig500x10-2V.png, id=2913, 496.85625pt x 403.5075pt>
File: Pic-FMcarr-and-sig500x10-2V.png Graphic file (type png)

<use Pic-FMcarr-and-sig500x10-2V.png>
Package pdftex.def Info: Pic-FMcarr-and-sig500x10-2V.png used on input line 418
4.
(pdftex.def)             Requested size: 127.44342pt x 103.49951pt.
 [94 <./Schematic-AMfft-1800x40.png> <./Pic-FMcarr-and-sig500x10-2V.png>]
Chapitre 6.
[95

] <Schematic-rodpend-photo.png, id=2927, 803.0pt x 757.83125pt>
File: Schematic-rodpend-photo.png Graphic file (type png)

<use Schematic-rodpend-photo.png>
Package pdftex.def Info: Schematic-rodpend-photo.png used on input line 4303.
(pdftex.def)             Requested size: 109.66235pt x 103.49385pt.

<Pic-rodpend-screen.png, id=2928, 509.65407pt x 411.03563pt>
File: Pic-rodpend-screen.png Graphic file (type png)

<use Pic-rodpend-screen.png>
Package pdftex.def Info: Pic-rodpend-screen.png used on input line 4304.
(pdftex.def)             Requested size: 128.33084pt x 103.49873pt.


LaTeX Warning: `!h' float specifier changed to `!ht'.

<Pic-rodpend-ghist.png, id=2929, 273.02pt x 211.79124pt>
File: Pic-rodpend-ghist.png Graphic file (type png)

<use Pic-rodpend-ghist.png>
Package pdftex.def Info: Pic-rodpend-ghist.png used on input line 4313.
(pdftex.def)             Requested size: 133.4227pt x 103.50069pt.


LaTeX Warning: `!h' float specifier changed to `!ht'.

[96]
Underfull \vbox (badness 4454) has occurred while \output is active []

 [97 <./Schematic-rodpend-photo.png> <./Pic-rodpend-screen.png> <./Pic-rodpend-
ghist.png>]
<Schematic-pendulum-photo.png, id=2944, 803.0pt x 649.42625pt>
File: Schematic-pendulum-photo.png Graphic file (type png)

<use Schematic-pendulum-photo.png>
Package pdftex.def Info: Schematic-pendulum-photo.png used on input line 4371.
(pdftex.def)             Requested size: 127.968pt x 103.49413pt.

<Pic-pendulum-osc.png, id=2945, 505.89pt x 405.01312pt>
File: Pic-pendulum-osc.png Graphic file (type png)

<use Pic-pendulum-osc.png>
Package pdftex.def Info: Pic-pendulum-osc.png used on input line 4372.
(pdftex.def)             Requested size: 129.27426pt x 103.49635pt.
 [98 <./Schematic-pendulum-photo.png> <./Pic-pendulum-osc.png>] <Pic-gravity-to
f-photo.png, id=2951, 803.0pt x 648.4225pt>
File: Pic-gravity-tof-photo.png Graphic file (type png)

<use Pic-gravity-tof-photo.png>
Package pdftex.def Info: Pic-gravity-tof-photo.png used on input line 4430.
(pdftex.def)             Requested size: 128.16405pt x 103.49246pt.

Underfull \hbox (badness 10000) in paragraph at lines 4449--4458

 []

[99 <./Pic-gravity-tof-photo.png>]
Overfull \hbox (1.91629pt too wide) in paragraph at lines 4487--4488
[]\OT1/lmr/m/n/10 Enregistrer la temp^^Serature d'un liq-uide ^^Ra l'aide d'un 
ther-mom^^Retre ^^Ra r^^Sesistance
 []

<Pic-cooling-water-photo.png, id=2956, 803.0pt x 611.28375pt>
File: Pic-cooling-water-photo.png Graphic file (type png)

<use Pic-cooling-water-photo.png>
Package pdftex.def Info: Pic-cooling-water-photo.png used on input line 4516.
(pdftex.def)             Requested size: 135.95682pt x 103.49712pt.

<Schematic-pt100.png, id=2957, 196.735pt x 110.4125pt>
File: Schematic-pt100.png Graphic file (type png)

<use Schematic-pt100.png>
Package pdftex.def Info: Schematic-pt100.png used on input line 4525.
(pdftex.def)             Requested size: 137.99573pt x 77.44658pt.

<Pic-cooling-water-pt100.png, id=2958, 505.89pt x 426.84468pt>
File: Pic-cooling-water-pt100.png Graphic file (type png)

<use Pic-cooling-water-pt100.png>
Package pdftex.def Info: Pic-cooling-water-pt100.png used on input line 4526.
(pdftex.def)             Requested size: 122.6666pt x 103.49994pt.


LaTeX Warning: `!h' float specifier changed to `!ht'.

[100 <./Pic-cooling-water-photo.png>]
Underfull \vbox (badness 3746) has occurred while \output is active []

 [101 <./Schematic-pt100.png> <./Pic-cooling-water-pt100.png>]
<Schematic-temp-control.png, id=2970, 273.02pt x 140.525pt>
File: Schematic-temp-control.png Graphic file (type png)

<use Schematic-temp-control.png>
Package pdftex.def Info: Schematic-temp-control.png used on input line 4593.
(pdftex.def)             Requested size: 137.9969pt x 71.0278pt.

<Pic-temp-con.png, id=2971, 507.39563pt x 405.01312pt>
File: Pic-temp-con.png Graphic file (type png)
 <use Pic-temp-con.png>
Package pdftex.def Info: Pic-temp-con.png used on input line 4594.
(pdftex.def)             Requested size: 129.65901pt x 103.49635pt.

[102 <./Schematic-temp-control.png> <./Pic-temp-con.png>] [103] [104

]
Chapitre 7.
<Schematic-strobo.png, id=2987, 227.85126pt x 137.51375pt>
File: Schematic-strobo.png Graphic file (type png)

<use Schematic-strobo.png>
Package pdftex.def Info: Schematic-strobo.png used on input line 4666.
(pdftex.def)             Requested size: 138.00166pt x 83.28734pt.

<Pic-stroboscope-photo.png, id=2988, 803.0pt x 591.20876pt>
File: Pic-stroboscope-photo.png Graphic file (type png)

<use Pic-stroboscope-photo.png>
Package pdftex.def Info: Pic-stroboscope-photo.png used on input line 4667.
(pdftex.def)             Requested size: 137.99078pt x 101.5957pt.
 [105 <./Schematic-strobo.png> <./Pic-stroboscope-photo.png>] <Schematic-light-
bar.png, id=2994, 205.76875pt x 125.46875pt>
File: Schematic-light-bar.png Graphic file (type png)

<use Schematic-light-bar.png>
Package pdftex.def Info: Schematic-light-bar.png used on input line 4732.
(pdftex.def)             Requested size: 137.99934pt x 84.14594pt.

<Pic-light-thru-paper-photo.png, id=2995, 803.0pt x 518.93875pt>
File: Pic-light-thru-paper-photo.png Graphic file (type png)

<use Pic-light-thru-paper-photo.png>
Package pdftex.def Info: Pic-light-thru-paper-photo.png used on input line 4733
.
(pdftex.def)             Requested size: 137.99078pt x 89.17653pt.


LaTeX Warning: `!h' float specifier changed to `!ht'.

[106]
Overfull \hbox (2.19487pt too wide) in paragraph at lines 4773--4774
[][]\OT1/lmr/m/n/10 Etudier des on-des sta-tion-naires dans une corde ten-due e
x-cit^^See par une bobine-
 []

[107 <./Schematic-light-bar.png> <./Pic-light-thru-paper-photo.png>] [108]
Chapitre 8.
<Pic-std-accessory-photo.png, id=3009, 738.76pt x 672.5125pt>
File: Pic-std-accessory-photo.png Graphic file (type png)

<use Pic-std-accessory-photo.png>
Package pdftex.def Info: Pic-std-accessory-photo.png used on input line 4872.
(pdftex.def)             Requested size: 113.69498pt x 103.49951pt.

Overfull \hbox (3.05449pt too wide) in paragraph at lines 4881--4883
\OT1/lmr/m/n/10 sp^^Secifi^^Sees comme valeur nom-i-nale, mesur^^Sees ^^Ra par-
tir d'^^Sechantillons pris au hasard.
 []

[109

 <./Pic-std-accessory-photo.png>] [110]
<Pic-light-bar-rodpend-photo.png, id=3020, 803.0pt x 612.2875pt>
File: Pic-light-bar-rodpend-photo.png Graphic file (type png)

<use Pic-light-bar-rodpend-photo.png>
Package pdftex.def Info: Pic-light-bar-rodpend-photo.png used on input line 504
8.
(pdftex.def)             Requested size: 135.73627pt x 103.4989pt.


LaTeX Warning: `!h' float specifier changed to `!ht'.

[111]
File: Pic-40kHz-piezo-photo.png Graphic file (type png)
 <use Pic-40kHz-piezo-photo.png>
Package pdftex.def Info: Pic-40kHz-piezo-photo.png used on input line 5071.
(pdftex.def)             Requested size: 135.70177pt x 103.50134pt.

<Pic-standing-wave-app-photo.png, id=3025, 762.85pt x 602.25pt>
File: Pic-standing-wave-app-photo.png Graphic file (type png)

<use Pic-standing-wave-app-photo.png>
Package pdftex.def Info: Pic-standing-wave-app-photo.png used on input line 509
4.
(pdftex.def)             Requested size: 131.09123pt x 103.49307pt.


LaTeX Warning: `!h' float specifier changed to `!ht'.

Package atveryend Info: Empty hook `BeforeClearDocument' on input line 5104.
[112 <./Pic-light-bar-rodpend-photo.png>] [113 <./Pic-standing-wave-app-photo.p
ng>]
Package atveryend Info: Empty hook `AfterLastShipout' on input line 5104.
 (./eyes.aux)
Package atveryend Info: Executing hook `AtVeryEndDocument' on input line 5104.
Package atveryend Info: Executing hook `AtEndAfterFileList' on input line 5104.

Package rerunfilecheck Info: File `eyes.out' has not changed.
(rerunfilecheck)             Checksum: 0656EA29BF4BC59676108AE844CAB57E;27483.


LaTeX Warning: There were multiply-defined labels.

Package atveryend Info: Empty hook `AtVeryVeryEnd' on input line 5104.
 ) 
Here is how much of TeX's memory you used:
 9485 strings out of 495059
 142518 string characters out of 3182030
 209483 words of memory out of 3000000
 11798 multiletter control sequences out of 15000+200000
 61563 words of font info for 59 fonts, out of 3000000 for 9000
 14 hyphenation exceptions out of 8191
 29i,10n,37p,913b,494s stack positions out of 5000i,500n,10000p,200000b,50000s
{/usr/share/texmf/fonts/enc/dvips/lm/lm-mathsy.enc}{/usr/share/texmf/fonts/en
c/dvips/lm/lm-mathex.enc}{/usr/share/texmf/fonts/enc/dvips/lm/lm-mathit.enc}{/u
sr/share/texmf/fonts/enc/dvips/lm/lm-rm.enc}{/usr/share/texmf/fonts/enc/dvips/l
m/lm-rmtt.enc}{/usr/share/texmf/fonts/enc/dvips/lm/lm-rmsc.enc}</usr/share/texm
f/fonts/type1/public/lm/lmbx10.pfb></usr/share/texmf/fonts/type1/public/lm/lmbx
12.pfb></usr/share/texmf/fonts/type1/public/lm/lmcsc10.pfb></usr/share/texmf/fo
nts/type1/public/lm/lmex10.pfb></usr/share/texmf/fonts/type1/public/lm/lmmi10.p
fb></usr/share/texmf/fonts/type1/public/lm/lmmi5.pfb></usr/share/texmf/fonts/ty
pe1/public/lm/lmmi7.pfb></usr/share/texmf/fonts/type1/public/lm/lmmi8.pfb></usr
/share/texmf/fonts/type1/public/lm/lmr10.pfb></usr/share/texmf/fonts/type1/publ
ic/lm/lmr12.pfb></usr/share/texmf/fonts/type1/public/lm/lmr17.pfb></usr/share/t
exmf/fonts/type1/public/lm/lmr5.pfb></usr/share/texmf/fonts/type1/public/lm/lmr
7.pfb></usr/share/texmf/fonts/type1/public/lm/lmr8.pfb></usr/share/texmf/fonts/
type1/public/lm/lmri10.pfb></usr/share/texmf/fonts/type1/public/lm/lmro10.pfb><
/usr/share/texmf/fonts/type1/public/lm/lmsy10.pfb></usr/share/texmf/fonts/type1
/public/lm/lmsy5.pfb></usr/share/texmf/fonts/type1/public/lm/lmsy7.pfb></usr/sh
are/texmf/fonts/type1/public/lm/lmtk10.pfb></usr/share/texlive/texmf-dist/fonts
/type1/public/amsfonts/symbols/msam10.pfb>
Output written on eyes.pdf (113 pages, 11588610 bytes).
PDF statistics:
 3244 PDF objects out of 3580 (max. 8388607)
 2848 compressed objects within 29 object streams
 620 named destinations out of 1000 (max. 500000)
 3773 words of extra memory for PDF output out of 10000 (max. 10000000)

