\BOOKMARK [0][-]{chapter.1}{Un bon d\351part}{}% 1
\BOOKMARK [1][-]{section.1.1}{Introduction}{chapter.1}% 2
\BOOKMARK [1][-]{section.1.2}{Le mat\351riel : connexions externes}{chapter.1}% 3
\BOOKMARK [2][-]{subsection.1.2.1}{Signaux num\351riques}{section.1.2}% 4
\BOOKMARK [2][-]{subsection.1.2.2}{G\351n\351rateurs de signaux}{section.1.2}% 5
\BOOKMARK [2][-]{subsection.1.2.3}{Entr\351es de tension analogiques}{section.1.2}% 6
\BOOKMARK [2][-]{subsection.1.2.4}{Sorties de tension analogique}{section.1.2}% 7
\BOOKMARK [2][-]{subsection.1.2.5}{Amplificateurs inverseurs}{section.1.2}% 8
\BOOKMARK [2][-]{subsection.1.2.6}{Fr\351quencem\350tres}{section.1.2}% 9
\BOOKMARK [2][-]{subsection.1.2.7}{Masses [Ground]}{section.1.2}% 10
\BOOKMARK [2][-]{subsection.1.2.8}{Comment connecter les fils}{section.1.2}% 11
\BOOKMARK [1][-]{section.1.3}{Installation du logiciel}{chapter.1}% 12
\BOOKMARK [2][-]{subsection.1.3.1}{Le CD vif expEYES}{section.1.3}% 13
\BOOKMARK [2][-]{subsection.1.3.2}{Installation dans une distribution GNU/Linux Debian ou Ubuntu}{section.1.3}% 14
\BOOKMARK [2][-]{subsection.1.3.3}{Pour les autres distributions GNU/Linux}{section.1.3}% 15
\BOOKMARK [2][-]{subsection.1.3.4}{Sous MSWindows}{section.1.3}% 16
\BOOKMARK [1][-]{section.1.4}{Le programme graphique principal}{chapter.1}% 17
\BOOKMARK [2][-]{subsection.1.4.1}{La fen\352tre du graphique}{section.1.4}% 18
\BOOKMARK [1][-]{section.1.5}{Mesures \351l\351mentaires \340 l'aide d'expEYES}{chapter.1}% 19
\BOOKMARK [2][-]{subsection.1.5.1}{G\351n\351rer \046amp; mesurer des tensions}{section.1.5}% 20
\BOOKMARK [2][-]{subsection.1.5.2}{Observer des signaux de tension}{section.1.5}% 21
\BOOKMARK [2][-]{subsection.1.5.3}{Mesurer la fr\351quence}{section.1.5}% 22
\BOOKMARK [2][-]{subsection.1.5.4}{Mesurer le Connecter PULSE \340 ID0}{section.1.5}% 23
\BOOKMARK [2][-]{subsection.1.5.5}{Fixer des niveaux de tension}{section.1.5}% 24
\BOOKMARK [1][-]{section.1.6}{Exp\351riences}{chapter.1}% 25
\BOOKMARK [0][-]{chapter.2}{Exp\351riences}{}% 26
\BOOKMARK [1][-]{section.2.1}{Mesurer la tension}{chapter.2}% 27
\BOOKMARK [2][-]{subsection.2.1.1}{Objectif}{section.2.1}% 28
\BOOKMARK [2][-]{subsection.2.1.2}{Mat\351riel}{section.2.1}% 29
\BOOKMARK [2][-]{subsection.2.1.3}{Proc\351dure}{section.2.1}% 30
\BOOKMARK [2][-]{subsection.2.1.4}{Observation}{section.2.1}% 31
\BOOKMARK [2][-]{subsection.2.1.5}{Discussion}{section.2.1}% 32
\BOOKMARK [1][-]{section.2.2}{Tension, courant et r\351sistance}{chapter.2}% 33
\BOOKMARK [2][-]{subsection.2.2.1}{Objectif}{section.2.2}% 34
\BOOKMARK [2][-]{subsection.2.2.2}{Th\351orie}{section.2.2}% 35
\BOOKMARK [2][-]{subsection.2.2.3}{Mat\351riel}{section.2.2}% 36
\BOOKMARK [2][-]{subsection.2.2.4}{Proc\351dure}{section.2.2}% 37
\BOOKMARK [2][-]{subsection.2.2.5}{Observation}{section.2.2}% 38
\BOOKMARK [2][-]{subsection.2.2.6}{Discussion}{section.2.2}% 39
\BOOKMARK [1][-]{section.2.3}{R\351sistances en s\351rie}{chapter.2}% 40
\BOOKMARK [2][-]{subsection.2.3.1}{Objectif}{section.2.3}% 41
\BOOKMARK [2][-]{subsection.2.3.2}{Th\351orie}{section.2.3}% 42
\BOOKMARK [2][-]{subsection.2.3.3}{Mat\351riel}{section.2.3}% 43
\BOOKMARK [2][-]{subsection.2.3.4}{Proc\351dure}{section.2.3}% 44
\BOOKMARK [2][-]{subsection.2.3.5}{Observation}{section.2.3}% 45
\BOOKMARK [2][-]{subsection.2.3.6}{Discussion}{section.2.3}% 46
\BOOKMARK [1][-]{section.2.4}{R\351sistances en parall\350le}{chapter.2}% 47
\BOOKMARK [2][-]{subsection.2.4.1}{Objectif}{section.2.4}% 48
\BOOKMARK [2][-]{subsection.2.4.2}{Th\351orie}{section.2.4}% 49
\BOOKMARK [2][-]{subsection.2.4.3}{Mat\351riel}{section.2.4}% 50
\BOOKMARK [2][-]{subsection.2.4.4}{Proc\351dure}{section.2.4}% 51
\BOOKMARK [2][-]{subsection.2.4.5}{Observation}{section.2.4}% 52
\BOOKMARK [2][-]{subsection.2.4.6}{Discussion}{section.2.4}% 53
\BOOKMARK [1][-]{section.2.5}{Mesure de r\351sistance par comparaison}{chapter.2}% 54
\BOOKMARK [2][-]{subsection.2.5.1}{Objectif}{section.2.5}% 55
\BOOKMARK [2][-]{subsection.2.5.2}{Th\351orie}{section.2.5}% 56
\BOOKMARK [2][-]{subsection.2.5.3}{Mat\351riel}{section.2.5}% 57
\BOOKMARK [2][-]{subsection.2.5.4}{Proc\351dure}{section.2.5}% 58
\BOOKMARK [2][-]{subsection.2.5.5}{Observation}{section.2.5}% 59
\BOOKMARK [2][-]{subsection.2.5.6}{Discussion}{section.2.5}% 60
\BOOKMARK [1][-]{section.2.6}{Tension d'une pile au citron}{chapter.2}% 61
\BOOKMARK [2][-]{subsection.2.6.1}{Objectif}{section.2.6}% 62
\BOOKMARK [2][-]{subsection.2.6.2}{Mat\351riel}{section.2.6}% 63
\BOOKMARK [2][-]{subsection.2.6.3}{Proc\351dure}{section.2.6}% 64
\BOOKMARK [2][-]{subsection.2.6.4}{Observation}{section.2.6}% 65
\BOOKMARK [2][-]{subsection.2.6.5}{Discussion}{section.2.6}% 66
\BOOKMARK [1][-]{section.2.7}{Tension variable dans le temps}{chapter.2}% 67
\BOOKMARK [2][-]{subsection.2.7.1}{Objectif}{section.2.7}% 68
\BOOKMARK [2][-]{subsection.2.7.2}{Mat\351riel}{section.2.7}% 69
\BOOKMARK [2][-]{subsection.2.7.3}{Proc\351dure}{section.2.7}% 70
\BOOKMARK [2][-]{subsection.2.7.4}{Observation}{section.2.7}% 71
\BOOKMARK [2][-]{subsection.2.7.5}{Discussion}{section.2.7}% 72
\BOOKMARK [1][-]{section.2.8}{Tension alternative}{chapter.2}% 73
\BOOKMARK [2][-]{subsection.2.8.1}{Objectif}{section.2.8}% 74
\BOOKMARK [2][-]{subsection.2.8.2}{Mat\351riel}{section.2.8}% 75
\BOOKMARK [2][-]{subsection.2.8.3}{Proc\351dure}{section.2.8}% 76
\BOOKMARK [2][-]{subsection.2.8.4}{Observation}{section.2.8}% 77
\BOOKMARK [2][-]{subsection.2.8.5}{Discussion}{section.2.8}% 78
\BOOKMARK [1][-]{section.2.9}{Influence d'une tension alternative}{chapter.2}% 79
\BOOKMARK [2][-]{subsection.2.9.1}{Objectif}{section.2.9}% 80
\BOOKMARK [2][-]{subsection.2.9.2}{Mat\351riel}{section.2.9}% 81
\BOOKMARK [2][-]{subsection.2.9.3}{Proc\351dure}{section.2.9}% 82
\BOOKMARK [2][-]{subsection.2.9.4}{Observation}{section.2.9}% 83
\BOOKMARK [2][-]{subsection.2.9.5}{Discussion}{section.2.9}% 84
\BOOKMARK [1][-]{section.2.10}{Composantes continue et alternative d'une tension}{chapter.2}% 85
\BOOKMARK [2][-]{subsection.2.10.1}{Objectif}{section.2.10}% 86
\BOOKMARK [2][-]{subsection.2.10.2}{Mat\351riel}{section.2.10}% 87
\BOOKMARK [2][-]{subsection.2.10.3}{Proc\351dure}{section.2.10}% 88
\BOOKMARK [2][-]{subsection.2.10.4}{Observation}{section.2.10}% 89
\BOOKMARK [2][-]{subsection.2.10.5}{Discussion}{section.2.10}% 90
\BOOKMARK [1][-]{section.2.11}{R\351sistance du corps humain}{chapter.2}% 91
\BOOKMARK [2][-]{subsection.2.11.1}{Objectif}{section.2.11}% 92
\BOOKMARK [2][-]{subsection.2.11.2}{Mat\351riel}{section.2.11}% 93
\BOOKMARK [2][-]{subsection.2.11.3}{Proc\351dure}{section.2.11}% 94
\BOOKMARK [2][-]{subsection.2.11.4}{Discussion}{section.2.11}% 95
\BOOKMARK [1][-]{section.2.12}{R\351sistances d\351pendantes de la temp\351rature}{chapter.2}% 96
\BOOKMARK [2][-]{subsection.2.12.1}{Objectif}{section.2.12}% 97
\BOOKMARK [2][-]{subsection.2.12.2}{Mat\351riel}{section.2.12}% 98
\BOOKMARK [2][-]{subsection.2.12.3}{Proc\351dure}{section.2.12}% 99
\BOOKMARK [2][-]{subsection.2.12.4}{Observation}{section.2.12}% 100
\BOOKMARK [2][-]{subsection.2.12.5}{Discussion}{section.2.12}% 101
\BOOKMARK [1][-]{section.2.13}{R\351sistances d\351pendant de la lumi\350re}{chapter.2}% 102
\BOOKMARK [2][-]{subsection.2.13.1}{Objectif}{section.2.13}% 103
\BOOKMARK [2][-]{subsection.2.13.2}{Mat\351riel}{section.2.13}% 104
\BOOKMARK [2][-]{subsection.2.13.3}{Proc\351dure}{section.2.13}% 105
\BOOKMARK [2][-]{subsection.2.13.4}{Observation}{section.2.13}% 106
\BOOKMARK [2][-]{subsection.2.13.5}{Discussion}{section.2.13}% 107
\BOOKMARK [1][-]{section.2.14}{L'\351lectricit\351 traversant les liquides, en courant continu et alternatif}{chapter.2}% 108
\BOOKMARK [2][-]{subsection.2.14.1}{Objectif}{section.2.14}% 109
\BOOKMARK [2][-]{subsection.2.14.2}{Mat\351riel}{section.2.14}% 110
\BOOKMARK [2][-]{subsection.2.14.3}{Proc\351dure}{section.2.14}% 111
\BOOKMARK [2][-]{subsection.2.14.4}{Observation}{section.2.14}% 112
\BOOKMARK [2][-]{subsection.2.14.5}{Discussion}{section.2.14}% 113
\BOOKMARK [1][-]{section.2.15}{R\351ponse transitoire de circuits RC}{chapter.2}% 114
\BOOKMARK [2][-]{subsection.2.15.1}{Objectif}{section.2.15}% 115
\BOOKMARK [2][-]{subsection.2.15.2}{Th\351orie}{section.2.15}% 116
\BOOKMARK [2][-]{subsection.2.15.3}{Mat\351riel}{section.2.15}% 117
\BOOKMARK [2][-]{subsection.2.15.4}{Proc\351dure}{section.2.15}% 118
\BOOKMARK [2][-]{subsection.2.15.5}{Observation}{section.2.15}% 119
\BOOKMARK [2][-]{subsection.2.15.6}{Discussion}{section.2.15}% 120
\BOOKMARK [1][-]{section.2.16}{R\351ponse transitoire de circuits RL}{chapter.2}% 121
\BOOKMARK [2][-]{subsection.2.16.1}{Objectif}{section.2.16}% 122
\BOOKMARK [2][-]{subsection.2.16.2}{Th\351orie}{section.2.16}% 123
\BOOKMARK [2][-]{subsection.2.16.3}{Mat\351riel}{section.2.16}% 124
\BOOKMARK [2][-]{subsection.2.16.4}{Proc\351dure}{section.2.16}% 125
\BOOKMARK [2][-]{subsection.2.16.5}{Observation}{section.2.16}% 126
\BOOKMARK [2][-]{subsection.2.16.6}{Discussion}{section.2.16}% 127
\BOOKMARK [1][-]{section.2.17}{R\351ponse transitoire de circuits RLC}{chapter.2}% 128
\BOOKMARK [2][-]{subsection.2.17.1}{Objectif}{section.2.17}% 129
\BOOKMARK [2][-]{subsection.2.17.2}{Th\351orie}{section.2.17}% 130
\BOOKMARK [2][-]{subsection.2.17.3}{Mat\351riel}{section.2.17}% 131
\BOOKMARK [2][-]{subsection.2.17.4}{Proc\351dure}{section.2.17}% 132
\BOOKMARK [2][-]{subsection.2.17.5}{Observation}{section.2.17}% 133
\BOOKMARK [2][-]{subsection.2.17.6}{Discussion}{section.2.17}% 134
\BOOKMARK [1][-]{section.2.18}{Condensateur dans des circuits en courant alternatif}{chapter.2}% 135
\BOOKMARK [2][-]{subsection.2.18.1}{Objectif}{section.2.18}% 136
\BOOKMARK [2][-]{subsection.2.18.2}{Th\351orie}{section.2.18}% 137
\BOOKMARK [2][-]{subsection.2.18.3}{Mat\351riel}{section.2.18}% 138
\BOOKMARK [2][-]{subsection.2.18.4}{Proc\351dure}{section.2.18}% 139
\BOOKMARK [2][-]{subsection.2.18.5}{Observation}{section.2.18}% 140
\BOOKMARK [2][-]{subsection.2.18.6}{Discussion}{section.2.18}% 141
\BOOKMARK [1][-]{section.2.19}{D\351phasage dans des circuits RC en courant alternatif}{chapter.2}% 142
\BOOKMARK [2][-]{subsection.2.19.1}{Objectif}{section.2.19}% 143
\BOOKMARK [2][-]{subsection.2.19.2}{Th\351orie}{section.2.19}% 144
\BOOKMARK [2][-]{subsection.2.19.3}{Mat\351riel}{section.2.19}% 145
\BOOKMARK [2][-]{subsection.2.19.4}{Proc\351dure}{section.2.19}% 146
\BOOKMARK [2][-]{subsection.2.19.5}{Observation}{section.2.19}% 147
\BOOKMARK [2][-]{subsection.2.19.6}{Discussion}{section.2.19}% 148
\BOOKMARK [1][-]{section.2.20}{D\351phasage dans des circuits RL en courant alternatif}{chapter.2}% 149
\BOOKMARK [2][-]{subsection.2.20.1}{Objectif}{section.2.20}% 150
\BOOKMARK [2][-]{subsection.2.20.2}{Th\351orie}{section.2.20}% 151
\BOOKMARK [2][-]{subsection.2.20.3}{Mat\351riel}{section.2.20}% 152
\BOOKMARK [2][-]{subsection.2.20.4}{Proc\351dure}{section.2.20}% 153
\BOOKMARK [2][-]{subsection.2.20.5}{Observation}{section.2.20}% 154
\BOOKMARK [2][-]{subsection.2.20.6}{Discussion}{section.2.20}% 155
\BOOKMARK [1][-]{section.2.21}{Mat\351riau ferromagn\351tique dans un bobinage}{chapter.2}% 156
\BOOKMARK [2][-]{subsection.2.21.1}{Objectif}{section.2.21}% 157
\BOOKMARK [2][-]{subsection.2.21.2}{Th\351orie}{section.2.21}% 158
\BOOKMARK [2][-]{subsection.2.21.3}{Mat\351riel}{section.2.21}% 159
\BOOKMARK [2][-]{subsection.2.21.4}{Proc\351dure}{section.2.21}% 160
\BOOKMARK [2][-]{subsection.2.21.5}{Observation}{section.2.21}% 161
\BOOKMARK [2][-]{subsection.2.21.6}{Discussion}{section.2.21}% 162
\BOOKMARK [1][-]{section.2.22}{Int\351gration et diff\351rentiation RC}{chapter.2}% 163
\BOOKMARK [2][-]{subsection.2.22.1}{Objectif}{section.2.22}% 164
\BOOKMARK [2][-]{subsection.2.22.2}{Th\351orie}{section.2.22}% 165
\BOOKMARK [2][-]{subsection.2.22.3}{Mat\351riel}{section.2.22}% 166
\BOOKMARK [2][-]{subsection.2.22.4}{Proc\351dure}{section.2.22}% 167
\BOOKMARK [2][-]{subsection.2.22.5}{Observation}{section.2.22}% 168
\BOOKMARK [2][-]{subsection.2.22.6}{Discussion}{section.2.22}% 169
\BOOKMARK [1][-]{section.2.23}{Analyse de Fourier}{chapter.2}% 170
\BOOKMARK [2][-]{subsection.2.23.1}{Objectif}{section.2.23}% 171
\BOOKMARK [2][-]{subsection.2.23.2}{Mat\351riel}{section.2.23}% 172
\BOOKMARK [2][-]{subsection.2.23.3}{Proc\351dure}{section.2.23}% 173
\BOOKMARK [2][-]{subsection.2.23.4}{Observation}{section.2.23}% 174
\BOOKMARK [2][-]{subsection.2.23.5}{Discussion}{section.2.23}% 175
\BOOKMARK [1][-]{section.2.24}{Harmoniques composant un signal carr\351}{chapter.2}% 176
\BOOKMARK [2][-]{subsection.2.24.1}{Mat\351riel}{section.2.24}% 177
\BOOKMARK [2][-]{subsection.2.24.2}{Proc\351dure}{section.2.24}% 178
\BOOKMARK [2][-]{subsection.2.24.3}{Observation}{section.2.24}% 179
\BOOKMARK [2][-]{subsection.2.24.4}{Discussion}{section.2.24}% 180
\BOOKMARK [0][-]{chapter.3}{\311lectricit\351 et magn\351tisme}{}% 181
\BOOKMARK [1][-]{section.3.1}{Induction \351lectromagn\351tique}{chapter.3}% 182
\BOOKMARK [2][-]{subsection.3.1.1}{Objectif}{section.3.1}% 183
\BOOKMARK [2][-]{subsection.3.1.2}{Mat\351riel}{section.3.1}% 184
\BOOKMARK [2][-]{subsection.3.1.3}{Proc\351dure}{section.3.1}% 185
\BOOKMARK [2][-]{subsection.3.1.4}{Observation}{section.3.1}% 186
\BOOKMARK [2][-]{subsection.3.1.5}{Discussion}{section.3.1}% 187
\BOOKMARK [1][-]{section.3.2}{Un g\351n\351rateur de courant alternatif simple}{chapter.3}% 188
\BOOKMARK [2][-]{subsection.3.2.1}{Objectif}{section.3.2}% 189
\BOOKMARK [2][-]{subsection.3.2.2}{Mat\351riel}{section.3.2}% 190
\BOOKMARK [2][-]{subsection.3.2.3}{Proc\351dure}{section.3.2}% 191
\BOOKMARK [2][-]{subsection.3.2.4}{Observation}{section.3.2}% 192
\BOOKMARK [2][-]{subsection.3.2.5}{Discussion}{section.3.2}% 193
\BOOKMARK [1][-]{section.3.3}{Induction mutuelle, transformateur}{chapter.3}% 194
\BOOKMARK [2][-]{subsection.3.3.1}{Objectif}{section.3.3}% 195
\BOOKMARK [2][-]{subsection.3.3.2}{Mat\351riel}{section.3.3}% 196
\BOOKMARK [2][-]{subsection.3.3.3}{Proc\351dure}{section.3.3}% 197
\BOOKMARK [2][-]{subsection.3.3.4}{Observation}{section.3.3}% 198
\BOOKMARK [2][-]{subsection.3.3.5}{Discussion}{section.3.3}% 199
\BOOKMARK [1][-]{section.3.4}{\311lectro-aimant, sol\351no\357de}{chapter.3}% 200
\BOOKMARK [2][-]{subsection.3.4.1}{Objectif}{section.3.4}% 201
\BOOKMARK [2][-]{subsection.3.4.2}{Mat\351riel}{section.3.4}% 202
\BOOKMARK [2][-]{subsection.3.4.3}{Proc\351dure}{section.3.4}% 203
\BOOKMARK [2][-]{subsection.3.4.4}{Observation}{section.3.4}% 204
\BOOKMARK [2][-]{subsection.3.4.5}{Discussion}{section.3.4}% 205
\BOOKMARK [1][-]{section.3.5}{Freinage par courants de Foucault}{chapter.3}% 206
\BOOKMARK [2][-]{subsection.3.5.1}{Objectif}{section.3.5}% 207
\BOOKMARK [2][-]{subsection.3.5.2}{Mat\351riel}{section.3.5}% 208
\BOOKMARK [2][-]{subsection.3.5.3}{Proc\351dure}{section.3.5}% 209
\BOOKMARK [2][-]{subsection.3.5.4}{Observation}{section.3.5}% 210
\BOOKMARK [2][-]{subsection.3.5.5}{Discussion}{section.3.5}% 211
\BOOKMARK [0][-]{chapter.4}{Le son}{}% 212
\BOOKMARK [1][-]{section.4.1}{G\351n\351rer du son}{chapter.4}% 213
\BOOKMARK [2][-]{subsection.4.1.1}{Objectif}{section.4.1}% 214
\BOOKMARK [2][-]{subsection.4.1.2}{Mat\351riel}{section.4.1}% 215
\BOOKMARK [2][-]{subsection.4.1.3}{Proc\351dure}{section.4.1}% 216
\BOOKMARK [2][-]{subsection.4.1.4}{Observation}{section.4.1}% 217
\BOOKMARK [2][-]{subsection.4.1.5}{Discussion}{section.4.1}% 218
\BOOKMARK [1][-]{section.4.2}{La fr\351quence du son}{chapter.4}% 219
\BOOKMARK [2][-]{subsection.4.2.1}{Objectif}{section.4.2}% 220
\BOOKMARK [2][-]{subsection.4.2.2}{Mat\351riel}{section.4.2}% 221
\BOOKMARK [2][-]{subsection.4.2.3}{Proc\351dure}{section.4.2}% 222
\BOOKMARK [2][-]{subsection.4.2.4}{Observation}{section.4.2}% 223
\BOOKMARK [2][-]{subsection.4.2.5}{Discussion}{section.4.2}% 224
\BOOKMARK [1][-]{section.4.3}{La vitesse du son}{chapter.4}% 225
\BOOKMARK [2][-]{subsection.4.3.1}{Objectif}{section.4.3}% 226
\BOOKMARK [2][-]{subsection.4.3.2}{Mat\351riel}{section.4.3}% 227
\BOOKMARK [2][-]{subsection.4.3.3}{Proc\351dure}{section.4.3}% 228
\BOOKMARK [2][-]{subsection.4.3.4}{Observation}{section.4.3}% 229
\BOOKMARK [2][-]{subsection.4.3.5}{Discussion}{section.4.3}% 230
\BOOKMARK [1][-]{section.4.4}{La r\351flexion du son}{chapter.4}% 231
\BOOKMARK [2][-]{subsection.4.4.1}{Objectif}{section.4.4}% 232
\BOOKMARK [2][-]{subsection.4.4.2}{Mat\351riel}{section.4.4}% 233
\BOOKMARK [2][-]{subsection.4.4.3}{Proc\351dure}{section.4.4}% 234
\BOOKMARK [2][-]{subsection.4.4.4}{Observation}{section.4.4}% 235
\BOOKMARK [2][-]{subsection.4.4.5}{Discussion}{section.4.4}% 236
\BOOKMARK [1][-]{section.4.5}{Les interf\351rences sonores}{chapter.4}% 237
\BOOKMARK [2][-]{subsection.4.5.1}{Objectif}{section.4.5}% 238
\BOOKMARK [2][-]{subsection.4.5.2}{Mat\351riel}{section.4.5}% 239
\BOOKMARK [2][-]{subsection.4.5.3}{Proc\351dure}{section.4.5}% 240
\BOOKMARK [2][-]{subsection.4.5.4}{Observation}{section.4.5}% 241
\BOOKMARK [2][-]{subsection.4.5.5}{Discussion}{section.4.5}% 242
\BOOKMARK [1][-]{section.4.6}{Analyser de la musique}{chapter.4}% 243
\BOOKMARK [2][-]{subsection.4.6.1}{Mat\351riel}{section.4.6}% 244
\BOOKMARK [2][-]{subsection.4.6.2}{Proc\351dure}{section.4.6}% 245
\BOOKMARK [2][-]{subsection.4.6.3}{Observation}{section.4.6}% 246
\BOOKMARK [1][-]{section.4.7}{Vitesse du son, avec des ultra-sons}{chapter.4}% 247
\BOOKMARK [2][-]{subsection.4.7.1}{Objectif}{section.4.7}% 248
\BOOKMARK [2][-]{subsection.4.7.2}{Mat\351riel}{section.4.7}% 249
\BOOKMARK [2][-]{subsection.4.7.3}{Proc\351dure}{section.4.7}% 250
\BOOKMARK [2][-]{subsection.4.7.4}{Observation}{section.4.7}% 251
\BOOKMARK [2][-]{subsection.4.7.5}{Discussion}{section.4.7}% 252
\BOOKMARK [1][-]{section.4.8}{Oscillations forc\351es d'un cristal pi\351zo-\351lectrique}{chapter.4}% 253
\BOOKMARK [2][-]{subsection.4.8.1}{Objectif}{section.4.8}% 254
\BOOKMARK [2][-]{subsection.4.8.2}{Mat\351riel}{section.4.8}% 255
\BOOKMARK [2][-]{subsection.4.8.3}{Proc\351dure}{section.4.8}% 256
\BOOKMARK [2][-]{subsection.4.8.4}{Observation}{section.4.8}% 257
\BOOKMARK [0][-]{chapter.5}{\311lectronique}{}% 258
\BOOKMARK [1][-]{section.5.1}{Redresseur demi-onde, jonction PN}{chapter.5}% 259
\BOOKMARK [2][-]{subsection.5.1.1}{Objectif}{section.5.1}% 260
\BOOKMARK [2][-]{subsection.5.1.2}{Mat\351riel}{section.5.1}% 261
\BOOKMARK [2][-]{subsection.5.1.3}{Proc\351dure}{section.5.1}% 262
\BOOKMARK [2][-]{subsection.5.1.4}{Observation}{section.5.1}% 263
\BOOKMARK [2][-]{subsection.5.1.5}{Discussion}{section.5.1}% 264
\BOOKMARK [1][-]{section.5.2}{Signaux sinuso\357daux en opposition de phase \(d\351phas\351s de 180to 0.3em\036\)}{chapter.5}% 265
\BOOKMARK [2][-]{subsection.5.2.1}{Objectif}{section.5.2}% 266
\BOOKMARK [2][-]{subsection.5.2.2}{Mat\351riel}{section.5.2}% 267
\BOOKMARK [2][-]{subsection.5.2.3}{Proc\351dure}{section.5.2}% 268
\BOOKMARK [2][-]{subsection.5.2.4}{Observation}{section.5.2}% 269
\BOOKMARK [2][-]{subsection.5.2.5}{Discussion}{section.5.2}% 270
\BOOKMARK [1][-]{section.5.3}{Les diodes, redresseur double alternance}{chapter.5}% 271
\BOOKMARK [2][-]{subsection.5.3.1}{Objectif}{section.5.3}% 272
\BOOKMARK [2][-]{subsection.5.3.2}{Mat\351riel}{section.5.3}% 273
\BOOKMARK [2][-]{subsection.5.3.3}{Proc\351dure}{section.5.3}% 274
\BOOKMARK [2][-]{subsection.5.3.4}{Observation}{section.5.3}% 275
\BOOKMARK [2][-]{subsection.5.3.5}{Discussion}{section.5.3}% 276
\BOOKMARK [1][-]{section.5.4}{Caract\351ristique courant-tension \(I-V\) d'une diode}{chapter.5}% 277
\BOOKMARK [2][-]{subsection.5.4.1}{Objectif}{section.5.4}% 278
\BOOKMARK [2][-]{subsection.5.4.2}{Th\351orie}{section.5.4}% 279
\BOOKMARK [2][-]{subsection.5.4.3}{Mat\351riel}{section.5.4}% 280
\BOOKMARK [2][-]{subsection.5.4.4}{Proc\351dure}{section.5.4}% 281
\BOOKMARK [2][-]{subsection.5.4.5}{Observation}{section.5.4}% 282
\BOOKMARK [2][-]{subsection.5.4.6}{Discussion}{section.5.4}% 283
\BOOKMARK [1][-]{section.5.5}{Diodes \351mettrices de lumi\350re, DEL \(LED\)}{chapter.5}% 284
\BOOKMARK [2][-]{subsection.5.5.1}{Objectif}{section.5.5}% 285
\BOOKMARK [2][-]{subsection.5.5.2}{Th\351orie}{section.5.5}% 286
\BOOKMARK [2][-]{subsection.5.5.3}{Mat\351riel}{section.5.5}% 287
\BOOKMARK [2][-]{subsection.5.5.4}{Proc\351dure}{section.5.5}% 288
\BOOKMARK [2][-]{subsection.5.5.5}{Observation}{section.5.5}% 289
\BOOKMARK [2][-]{subsection.5.5.6}{Discussion}{section.5.5}% 290
\BOOKMARK [1][-]{section.5.6}{Caract\351ristique d'un transistor en \351metteur commun}{chapter.5}% 291
\BOOKMARK [2][-]{subsection.5.6.1}{Objectif}{section.5.6}% 292
\BOOKMARK [2][-]{subsection.5.6.2}{Mat\351riel}{section.5.6}% 293
\BOOKMARK [2][-]{subsection.5.6.3}{Proc\351dure}{section.5.6}% 294
\BOOKMARK [2][-]{subsection.5.6.4}{Observation}{section.5.6}% 295
\BOOKMARK [2][-]{subsection.5.6.5}{Discussion}{section.5.6}% 296
\BOOKMARK [1][-]{section.5.7}{Amplificateur \340 transistor \(\311metteur commun\)}{chapter.5}% 297
\BOOKMARK [2][-]{subsection.5.7.1}{Objectif}{section.5.7}% 298
\BOOKMARK [2][-]{subsection.5.7.2}{Mat\351riel}{section.5.7}% 299
\BOOKMARK [2][-]{subsection.5.7.3}{Proc\351dure}{section.5.7}% 300
\BOOKMARK [2][-]{subsection.5.7.4}{Observation}{section.5.7}% 301
\BOOKMARK [2][-]{subsection.5.7.5}{Discussion}{section.5.7}% 302
\BOOKMARK [1][-]{section.5.8}{Photo-transistor}{chapter.5}% 303
\BOOKMARK [2][-]{subsection.5.8.1}{Objectif}{section.5.8}% 304
\BOOKMARK [2][-]{subsection.5.8.2}{Mat\351riel}{section.5.8}% 305
\BOOKMARK [2][-]{subsection.5.8.3}{Proc\351dure}{section.5.8}% 306
\BOOKMARK [2][-]{subsection.5.8.4}{Observation}{section.5.8}% 307
\BOOKMARK [2][-]{subsection.5.8.5}{Discussion}{section.5.8}% 308
\BOOKMARK [1][-]{section.5.9}{Transmission de signal opto-\351lectrique}{chapter.5}% 309
\BOOKMARK [2][-]{subsection.5.9.1}{Objectif}{section.5.9}% 310
\BOOKMARK [2][-]{subsection.5.9.2}{Mat\351riel}{section.5.9}% 311
\BOOKMARK [2][-]{subsection.5.9.3}{Proc\351dure}{section.5.9}% 312
\BOOKMARK [2][-]{subsection.5.9.4}{Observation}{section.5.9}% 313
\BOOKMARK [2][-]{subsection.5.9.5}{Discussion}{section.5.9}% 314
\BOOKMARK [1][-]{section.5.10}{Modulation d'amplitude et de fr\351quence}{chapter.5}% 315
\BOOKMARK [2][-]{subsection.5.10.1}{Objectif}{section.5.10}% 316
\BOOKMARK [2][-]{subsection.5.10.2}{Mat\351riel}{section.5.10}% 317
\BOOKMARK [2][-]{subsection.5.10.3}{Proc\351dure}{section.5.10}% 318
\BOOKMARK [2][-]{subsection.5.10.4}{Observation}{section.5.10}% 319
\BOOKMARK [2][-]{subsection.5.10.5}{Discussion}{section.5.10}% 320
\BOOKMARK [0][-]{chapter.6}{M\351canique, optique et thermophysique}{}% 321
\BOOKMARK [1][-]{section.6.1}{R\351sonance d'un pendule entretenu}{chapter.6}% 322
\BOOKMARK [2][-]{subsection.6.1.1}{Objectif}{section.6.1}% 323
\BOOKMARK [2][-]{subsection.6.1.2}{Mat\351riel}{section.6.1}% 324
\BOOKMARK [2][-]{subsection.6.1.3}{Proc\351dure}{section.6.1}% 325
\BOOKMARK [2][-]{subsection.6.1.4}{Observation}{section.6.1}% 326
\BOOKMARK [2][-]{subsection.6.1.5}{Discussion}{section.6.1}% 327
\BOOKMARK [1][-]{section.6.2}{Valeur de 'g', pendule pesant}{chapter.6}% 328
\BOOKMARK [2][-]{subsection.6.2.1}{Objectif}{section.6.2}% 329
\BOOKMARK [2][-]{subsection.6.2.2}{Th\351orie}{section.6.2}% 330
\BOOKMARK [2][-]{subsection.6.2.3}{Mat\351riel}{section.6.2}% 331
\BOOKMARK [2][-]{subsection.6.2.4}{Proc\351dure}{section.6.2}% 332
\BOOKMARK [2][-]{subsection.6.2.5}{Observation}{section.6.2}% 333
\BOOKMARK [2][-]{subsection.6.2.6}{Discussion}{section.6.2}% 334
\BOOKMARK [1][-]{section.6.3}{Oscillations d'un pendule}{chapter.6}% 335
\BOOKMARK [2][-]{subsection.6.3.1}{Objectif}{section.6.3}% 336
\BOOKMARK [2][-]{subsection.6.3.2}{Mat\351riel}{section.6.3}% 337
\BOOKMARK [2][-]{subsection.6.3.3}{Proc\351dure}{section.6.3}% 338
\BOOKMARK [2][-]{subsection.6.3.4}{Observation}{section.6.3}% 339
\BOOKMARK [2][-]{subsection.6.3.5}{Discussion}{section.6.3}% 340
\BOOKMARK [1][-]{section.6.4}{Valeur de 'g' par temps de vol}{chapter.6}% 341
\BOOKMARK [2][-]{subsection.6.4.1}{Objectif}{section.6.4}% 342
\BOOKMARK [2][-]{subsection.6.4.2}{Mat\351riel}{section.6.4}% 343
\BOOKMARK [2][-]{subsection.6.4.3}{Proc\351dure}{section.6.4}% 344
\BOOKMARK [2][-]{subsection.6.4.4}{Observation}{section.6.4}% 345
\BOOKMARK [2][-]{subsection.6.4.5}{Discussion}{section.6.4}% 346
\BOOKMARK [1][-]{section.6.5}{Mesure de temp\351rature, PT100}{chapter.6}% 347
\BOOKMARK [2][-]{subsection.6.5.1}{Objectif}{section.6.5}% 348
\BOOKMARK [2][-]{subsection.6.5.2}{Th\351orie}{section.6.5}% 349
\BOOKMARK [2][-]{subsection.6.5.3}{Mat\351riel}{section.6.5}% 350
\BOOKMARK [2][-]{subsection.6.5.4}{Proc\351dure}{section.6.5}% 351
\BOOKMARK [2][-]{subsection.6.5.5}{Observation}{section.6.5}% 352
\BOOKMARK [2][-]{subsection.6.5.6}{Discussion}{section.6.5}% 353
\BOOKMARK [1][-]{section.6.6}{Contr\364leur de temp\351rature}{chapter.6}% 354
\BOOKMARK [2][-]{subsection.6.6.1}{Objectif}{section.6.6}% 355
\BOOKMARK [2][-]{subsection.6.6.2}{Mat\351riel}{section.6.6}% 356
\BOOKMARK [2][-]{subsection.6.6.3}{Proc\351dure}{section.6.6}% 357
\BOOKMARK [2][-]{subsection.6.6.4}{Observation}{section.6.6}% 358
\BOOKMARK [2][-]{subsection.6.6.5}{Discussion}{section.6.6}% 359
\BOOKMARK [0][-]{chapter.7}{Exp\351riences diverses}{}% 360
\BOOKMARK [1][-]{section.7.1}{Stroboscope}{chapter.7}% 361
\BOOKMARK [2][-]{subsection.7.1.1}{Objectif}{section.7.1}% 362
\BOOKMARK [2][-]{subsection.7.1.2}{Mat\351riel}{section.7.1}% 363
\BOOKMARK [2][-]{subsection.7.1.3}{Proc\351dure}{section.7.1}% 364
\BOOKMARK [2][-]{subsection.7.1.4}{Observation}{section.7.1}% 365
\BOOKMARK [2][-]{subsection.7.1.5}{Discussion}{section.7.1}% 366
\BOOKMARK [1][-]{section.7.2}{Mesure de transparence}{chapter.7}% 367
\BOOKMARK [2][-]{subsection.7.2.1}{Objectif}{section.7.2}% 368
\BOOKMARK [2][-]{subsection.7.2.2}{Mat\351riel}{section.7.2}% 369
\BOOKMARK [2][-]{subsection.7.2.3}{Proc\351dure}{section.7.2}% 370
\BOOKMARK [2][-]{subsection.7.2.4}{Observation}{section.7.2}% 371
\BOOKMARK [1][-]{section.7.3}{Ondes stationnaires dans une corde}{chapter.7}% 372
\BOOKMARK [2][-]{subsection.7.3.1}{Objectif}{section.7.3}% 373
\BOOKMARK [2][-]{subsection.7.3.2}{Th\351orie}{section.7.3}% 374
\BOOKMARK [2][-]{subsection.7.3.3}{Mat\351riel}{section.7.3}% 375
\BOOKMARK [2][-]{subsection.7.3.4}{Proc\351dure}{section.7.3}% 376
\BOOKMARK [2][-]{subsection.7.3.5}{Observation}{section.7.3}% 377
\BOOKMARK [2][-]{subsection.7.3.6}{Discussion}{section.7.3}% 378
\BOOKMARK [0][-]{chapter.8}{Accessoires}{}% 379
\BOOKMARK [1][-]{section.8.1}{La collection d'accessoires standard}{chapter.8}% 380
\BOOKMARK [2][-]{subsection.8.1.1}{Montage \340 microphone}{section.8.1}% 381
\BOOKMARK [2][-]{subsection.8.1.2}{Bobinages 3000 tours \(2\)}{section.8.1}% 382
\BOOKMARK [2][-]{subsection.8.1.3}{Bobinage 1000 tours}{section.8.1}% 383
\BOOKMARK [2][-]{subsection.8.1.4}{\311lectro-aimant \(avec un noyau en fer\)}{section.8.1}% 384
\BOOKMARK [2][-]{subsection.8.1.5}{Disques pi\351zo-\351lectriques \(2\)}{section.8.1}% 385
\BOOKMARK [2][-]{subsection.8.1.6}{Haut-parleur \(grand\)}{section.8.1}% 386
\BOOKMARK [2][-]{subsection.8.1.7}{Haut-parleur \(petit\)}{section.8.1}% 387
\BOOKMARK [2][-]{subsection.8.1.8}{Moteur \340 courant continu}{section.8.1}% 388
\BOOKMARK [2][-]{subsection.8.1.9}{Support de transistor}{section.8.1}% 389
\BOOKMARK [2][-]{subsection.8.1.10}{Aimants permanents}{section.8.1}% 390
\BOOKMARK [2][-]{subsection.8.1.11}{Autres objets}{section.8.1}% 391
\BOOKMARK [1][-]{section.8.2}{Barri\350re photo-\351lectrique et pendule pesant}{chapter.8}% 392
\BOOKMARK [1][-]{section.8.3}{\311metteur-r\351cepteur pi\351zo ultra-sonores}{chapter.8}% 393
\BOOKMARK [1][-]{section.8.4}{Appareil \340 corde vibrante}{chapter.8}% 394
